#
# A fatal error has been detected by the Java Runtime Environment:
#
#  Internal Error (os_windows_x86.cpp:144), pid=15464, tid=0x0000000000002aa8
#  guarantee(result == EXCEPTION_CONTINUE_EXECUTION) failed: Unexpected result from topLevelExceptionFilter
#
# JRE version: Java(TM) SE Runtime Environment (8.0_333-b02) (build 1.8.0_333-b02)
# Java VM: Java HotSpot(TM) 64-Bit Server VM (25.333-b02 mixed mode windows-amd64 compressed oops)
# Failed to write core dump. Minidumps are not enabled by default on client versions of Windows
#
# If you would like to submit a bug report, please visit:
#   http://bugreport.java.com/bugreport/crash.jsp
# The crash happened outside the Java Virtual Machine in native code.
# See problematic frame for where to report the bug.
#

---------------  T H R E A D  ---------------

Current thread (0x0000021a5b310000):  JavaThread "Python Reference Queue" daemon [_thread_in_native, id=10920, stack(0x000000c9e8a80000,0x000000c9e8c70000)]

Stack: [0x000000c9e8a80000,0x000000c9e8c70000]
Native frames: (J=compiled Java code, j=interpreted, Vv=VM code, C=native code)
C  0x000000005ef9fc49
C  0x000000005eee61a2
C  0x000000005eee6e4d
C  0x000000005eedd777
C  0x000000005ef9f8cc
C  [ntdll.dll+0xa209f]
C  [ntdll.dll+0x51454]
C  [ntdll.dll+0xa0bce]
C  0x00007ffd3fb08bbd
C  0x00007ffd3fb08bf2
C  0x00007ffd3fa24b44
C  0x00007ffd3fa27793
C  0x00007ffda9ba48e3
C  [python39.dll+0x95d38]
C  [python39.dll+0x95573]
C  [python39.dll+0x95d38]
C  [python39.dll+0x85464]
C  [python39.dll+0x85536]
C  [python39.dll+0x848aa]
C  [python39.dll+0x84565]
C  [python39.dll+0x15df22]
C  0x00007ffd9b858244
C  0x0000021a5c4499ee

Java frames: (J=compiled Java code, j=interpreted, Vv=VM code)
j  org.jpype.ref.JPypeReferenceNative.wake()V+0
j  org.jpype.ref.JPypeReferenceQueue$Worker.run()V+42
j  java.lang.Thread.run()V+11
v  ~StubRoutines::call_stub

---------------  P R O C E S S  ---------------

Java Threads: ( => current thread )
  0x0000021a5b317000 JavaThread "Thread-2" daemon [_thread_in_native, id=8488, stack(0x000000c9e1ff0000,0x000000c9e21e0000)]
  0x0000021a5b30b800 JavaThread "Thread-1" daemon [_thread_in_native, id=2056, stack(0x000000c9e1ff0000,0x000000c9e21e0000)]
=>0x0000021a5b310000 JavaThread "Python Reference Queue" daemon [_thread_in_native, id=10920, stack(0x000000c9e8a80000,0x000000c9e8c70000)]
  0x0000021a5b309800 JavaThread "Service Thread" daemon [_thread_blocked, id=16172, stack(0x000000c9e86a0000,0x000000c9e8890000)]
  0x0000021a5b30f800 JavaThread "C1 CompilerThread3" daemon [_thread_blocked, id=652, stack(0x000000c9e84b0000,0x000000c9e86a0000)]
  0x0000021a5b30e800 JavaThread "C2 CompilerThread2" daemon [_thread_blocked, id=7980, stack(0x000000c9e82c0000,0x000000c9e84b0000)]
  0x0000021a5b30e000 JavaThread "C2 CompilerThread1" daemon [_thread_blocked, id=17096, stack(0x000000c9e80d0000,0x000000c9e82c0000)]
  0x0000021a5b395000 JavaThread "C2 CompilerThread0" daemon [_thread_blocked, id=20180, stack(0x000000c9e7ee0000,0x000000c9e80d0000)]
  0x0000021a5b30c800 JavaThread "Attach Listener" daemon [_thread_blocked, id=19104, stack(0x000000c9e7cf0000,0x000000c9e7ee0000)]
  0x0000021a5b30d000 JavaThread "Signal Dispatcher" daemon [_thread_blocked, id=12560, stack(0x000000c9e7b00000,0x000000c9e7cf0000)]
  0x0000021a5b30a000 JavaThread "Finalizer" daemon [_thread_blocked, id=18020, stack(0x000000c9e7910000,0x000000c9e7b00000)]
  0x0000021a4253f800 JavaThread "Reference Handler" daemon [_thread_blocked, id=13920, stack(0x000000c9e7720000,0x000000c9e7910000)]
  0x0000021a4253e800 JavaThread "main" [_thread_in_native, id=12832, stack(0x000000c9e42d0000,0x000000c9e44c0000)]

Other Threads:
  0x0000021a5ae77000 VMThread [stack: 0x000000c9e7530000,0x000000c9e7720000] [id=12400]
  0x0000021a5ae78000 WatcherThread [stack: 0x000000c9e8890000,0x000000c9e8a80000] [id=21180]

VM state:not at safepoint (normal execution)

VM Mutex/Monitor currently owned by a thread: None

heap address: 0x00000000c0000000, size: 1024 MB, Compressed Oops mode: 32-bit
Narrow klass base: 0x0000000000000000, Narrow klass shift: 3
Compressed class space size: 1073741824 Address: 0x0000000100000000

Heap:
 PSYoungGen      total 339968K, used 258237K [0x00000000eab00000, 0x0000000100000000, 0x0000000100000000)
  eden space 330752K, 78% used [0x00000000eab00000,0x00000000fa72f780,0x00000000fee00000)
  from space 9216K, 0% used [0x00000000ff700000,0x00000000ff700000,0x0000000100000000)
  to   space 9216K, 0% used [0x00000000fee00000,0x00000000fee00000,0x00000000ff700000)
 ParOldGen       total 151552K, used 72520K [0x00000000c0000000, 0x00000000c9400000, 0x00000000eab00000)
  object space 151552K, 47% used [0x00000000c0000000,0x00000000c46d2048,0x00000000c9400000)
 Metaspace       used 14051K, capacity 14686K, committed 14848K, reserved 1062912K
  class space    used 2068K, capacity 2218K, committed 2304K, reserved 1048576K

Card table byte_map: [0x0000021a6b7f0000,0x0000021a6ba00000] byte_map_base: 0x0000021a6b1f0000

Marking Bits: (ParMarkBitMap*) 0x000000005f459030
 Begin Bits: [0x0000021a6bb60000, 0x0000021a6cb60000)
 End Bits:   [0x0000021a6cb60000, 0x0000021a6db60000)

Polling page: 0x0000021a5c400000

CodeCache: size=245760Kb used=10226Kb max_used=11021Kb free=235533Kb
 bounds [0x0000021a5c430000, 0x0000021a5cf20000, 0x0000021a6b430000]
 total_blobs=3406 nmethods=3037 adapters=282
 compilation: enabled

Compilation events (10 events):
Event: 875.590 Thread 0x0000021a5b30f800 nmethod 3411 0x0000021a5c8666d0 code [0x0000021a5c866820, 0x0000021a5c866958]
Event: 875.590 Thread 0x0000021a5b30f800 3412       2       scala.collection.mutable.HashSet::initWithContents (6 bytes)
Event: 875.590 Thread 0x0000021a5b30f800 nmethod 3412 0x0000021a5c917310 code [0x0000021a5c917480, 0x0000021a5c9175f0]
Event: 875.590 Thread 0x0000021a5b30f800 3413       2       scala.collection.mutable.FlatHashTable::initWithContents$ (6 bytes)
Event: 875.590 Thread 0x0000021a5b30f800 nmethod 3413 0x0000021a5c671050 code [0x0000021a5c6711c0, 0x0000021a5c671310]
Event: 875.592 Thread 0x0000021a5b30e800 nmethod 3410 0x0000021a5c68a3d0 code [0x0000021a5c68a520, 0x0000021a5c68a6f8]
Event: 877.691 Thread 0x0000021a5b30f800 3414       3       scala.collection.immutable.Vector::cleanRightEdge (449 bytes)
Event: 877.692 Thread 0x0000021a5b30f800 nmethod 3414 0x0000021a5c621550 code [0x0000021a5c6219a0, 0x0000021a5c6253a0]
Event: 877.999 Thread 0x0000021a5b30e000 3415       4       java.util.regex.Pattern::compile (406 bytes)
Event: 878.016 Thread 0x0000021a5b30e000 nmethod 3415 0x0000021a5ca31f50 code [0x0000021a5ca32160, 0x0000021a5ca330d8]

GC Heap History (10 events):
Event: 457.607 GC heap before
{Heap before GC invocations=52 (full 24):
 PSYoungGen      total 339968K, used 64K [0x00000000eab00000, 0x0000000100000000, 0x0000000100000000)
  eden space 330752K, 0% used [0x00000000eab00000,0x00000000eab00000,0x00000000fee00000)
  from space 9216K, 0% used [0x00000000ff700000,0x00000000ff710000,0x0000000100000000)
  to   space 9216K, 0% used [0x00000000fee00000,0x00000000fee00000,0x00000000ff700000)
 ParOldGen       total 151552K, used 72496K [0x00000000c0000000, 0x00000000c9400000, 0x00000000eab00000)
  object space 151552K, 47% used [0x00000000c0000000,0x00000000c46cc2a0,0x00000000c9400000)
 Metaspace       used 14037K, capacity 14622K, committed 14848K, reserved 1062912K
  class space    used 2068K, capacity 2218K, committed 2304K, reserved 1048576K
Event: 457.697 GC heap after
Heap after GC invocations=52 (full 24):
 PSYoungGen      total 339968K, used 0K [0x00000000eab00000, 0x0000000100000000, 0x0000000100000000)
  eden space 330752K, 0% used [0x00000000eab00000,0x00000000eab00000,0x00000000fee00000)
  from space 9216K, 0% used [0x00000000ff700000,0x00000000ff700000,0x0000000100000000)
  to   space 9216K, 0% used [0x00000000fee00000,0x00000000fee00000,0x00000000ff700000)
 ParOldGen       total 151552K, used 72496K [0x00000000c0000000, 0x00000000c9400000, 0x00000000eab00000)
  object space 151552K, 47% used [0x00000000c0000000,0x00000000c46cc2e8,0x00000000c9400000)
 Metaspace       used 14037K, capacity 14622K, committed 14848K, reserved 1062912K
  class space    used 2068K, capacity 2218K, committed 2304K, reserved 1048576K
}
Event: 472.183 GC heap before
{Heap before GC invocations=53 (full 24):
 PSYoungGen      total 339968K, used 258371K [0x00000000eab00000, 0x0000000100000000, 0x0000000100000000)
  eden space 330752K, 78% used [0x00000000eab00000,0x00000000fa750cd0,0x00000000fee00000)
  from space 9216K, 0% used [0x00000000ff700000,0x00000000ff700000,0x0000000100000000)
  to   space 9216K, 0% used [0x00000000fee00000,0x00000000fee00000,0x00000000ff700000)
 ParOldGen       total 151552K, used 72496K [0x00000000c0000000, 0x00000000c9400000, 0x00000000eab00000)
  object space 151552K, 47% used [0x00000000c0000000,0x00000000c46cc2e8,0x00000000c9400000)
 Metaspace       used 14048K, capacity 14686K, committed 14848K, reserved 1062912K
  class space    used 2068K, capacity 2218K, committed 2304K, reserved 1048576K
Event: 472.184 GC heap after
Heap after GC invocations=53 (full 24):
 PSYoungGen      total 339968K, used 320K [0x00000000eab00000, 0x0000000100000000, 0x0000000100000000)
  eden space 330752K, 0% used [0x00000000eab00000,0x00000000eab00000,0x00000000fee00000)
  from space 9216K, 3% used [0x00000000fee00000,0x00000000fee50000,0x00000000ff700000)
  to   space 9216K, 0% used [0x00000000ff700000,0x00000000ff700000,0x0000000100000000)
 ParOldGen       total 151552K, used 72496K [0x00000000c0000000, 0x00000000c9400000, 0x00000000eab00000)
  object space 151552K, 47% used [0x00000000c0000000,0x00000000c46cc2e8,0x00000000c9400000)
 Metaspace       used 14048K, capacity 14686K, committed 14848K, reserved 1062912K
  class space    used 2068K, capacity 2218K, committed 2304K, reserved 1048576K
}
Event: 472.184 GC heap before
{Heap before GC invocations=54 (full 25):
 PSYoungGen      total 339968K, used 320K [0x00000000eab00000, 0x0000000100000000, 0x0000000100000000)
  eden space 330752K, 0% used [0x00000000eab00000,0x00000000eab00000,0x00000000fee00000)
  from space 9216K, 3% used [0x00000000fee00000,0x00000000fee50000,0x00000000ff700000)
  to   space 9216K, 0% used [0x00000000ff700000,0x00000000ff700000,0x0000000100000000)
 ParOldGen       total 151552K, used 72496K [0x00000000c0000000, 0x00000000c9400000, 0x00000000eab00000)
  object space 151552K, 47% used [0x00000000c0000000,0x00000000c46cc2e8,0x00000000c9400000)
 Metaspace       used 14048K, capacity 14686K, committed 14848K, reserved 1062912K
  class space    used 2068K, capacity 2218K, committed 2304K, reserved 1048576K
Event: 472.250 GC heap after
Heap after GC invocations=54 (full 25):
 PSYoungGen      total 339968K, used 0K [0x00000000eab00000, 0x0000000100000000, 0x0000000100000000)
  eden space 330752K, 0% used [0x00000000eab00000,0x00000000eab00000,0x00000000fee00000)
  from space 9216K, 0% used [0x00000000fee00000,0x00000000fee00000,0x00000000ff700000)
  to   space 9216K, 0% used [0x00000000ff700000,0x00000000ff700000,0x0000000100000000)
 ParOldGen       total 151552K, used 72519K [0x00000000c0000000, 0x00000000c9400000, 0x00000000eab00000)
  object space 151552K, 47% used [0x00000000c0000000,0x00000000c46d1e50,0x00000000c9400000)
 Metaspace       used 14048K, capacity 14686K, committed 14848K, reserved 1062912K
  class space    used 2068K, capacity 2218K, committed 2304K, reserved 1048576K
}
Event: 864.686 GC heap before
{Heap before GC invocations=55 (full 25):
 PSYoungGen      total 339968K, used 3557K [0x00000000eab00000, 0x0000000100000000, 0x0000000100000000)
  eden space 330752K, 1% used [0x00000000eab00000,0x00000000eae79598,0x00000000fee00000)
  from space 9216K, 0% used [0x00000000fee00000,0x00000000fee00000,0x00000000ff700000)
  to   space 9216K, 0% used [0x00000000ff700000,0x00000000ff700000,0x0000000100000000)
 ParOldGen       total 151552K, used 72519K [0x00000000c0000000, 0x00000000c9400000, 0x00000000eab00000)
  object space 151552K, 47% used [0x00000000c0000000,0x00000000c46d1e50,0x00000000c9400000)
 Metaspace       used 14048K, capacity 14686K, committed 14848K, reserved 1062912K
  class space    used 2068K, capacity 2218K, committed 2304K, reserved 1048576K
Event: 864.687 GC heap after
Heap after GC invocations=55 (full 25):
 PSYoungGen      total 339968K, used 160K [0x00000000eab00000, 0x0000000100000000, 0x0000000100000000)
  eden space 330752K, 0% used [0x00000000eab00000,0x00000000eab00000,0x00000000fee00000)
  from space 9216K, 1% used [0x00000000ff700000,0x00000000ff728000,0x0000000100000000)
  to   space 9216K, 0% used [0x00000000fee00000,0x00000000fee00000,0x00000000ff700000)
 ParOldGen       total 151552K, used 72519K [0x00000000c0000000, 0x00000000c9400000, 0x00000000eab00000)
  object space 151552K, 47% used [0x00000000c0000000,0x00000000c46d1e50,0x00000000c9400000)
 Metaspace       used 14048K, capacity 14686K, committed 14848K, reserved 1062912K
  class space    used 2068K, capacity 2218K, committed 2304K, reserved 1048576K
}
Event: 864.687 GC heap before
{Heap before GC invocations=56 (full 26):
 PSYoungGen      total 339968K, used 160K [0x00000000eab00000, 0x0000000100000000, 0x0000000100000000)
  eden space 330752K, 0% used [0x00000000eab00000,0x00000000eab00000,0x00000000fee00000)
  from space 9216K, 1% used [0x00000000ff700000,0x00000000ff728000,0x0000000100000000)
  to   space 9216K, 0% used [0x00000000fee00000,0x00000000fee00000,0x00000000ff700000)
 ParOldGen       total 151552K, used 72519K [0x00000000c0000000, 0x00000000c9400000, 0x00000000eab00000)
  object space 151552K, 47% used [0x00000000c0000000,0x00000000c46d1e50,0x00000000c9400000)
 Metaspace       used 14048K, capacity 14686K, committed 14848K, reserved 1062912K
  class space    used 2068K, capacity 2218K, committed 2304K, reserved 1048576K
Event: 864.743 GC heap after
Heap after GC invocations=56 (full 26):
 PSYoungGen      total 339968K, used 0K [0x00000000eab00000, 0x0000000100000000, 0x0000000100000000)
  eden space 330752K, 0% used [0x00000000eab00000,0x00000000eab00000,0x00000000fee00000)
  from space 9216K, 0% used [0x00000000ff700000,0x00000000ff700000,0x0000000100000000)
  to   space 9216K, 0% used [0x00000000fee00000,0x00000000fee00000,0x00000000ff700000)
 ParOldGen       total 151552K, used 72520K [0x00000000c0000000, 0x00000000c9400000, 0x00000000eab00000)
  object space 151552K, 47% used [0x00000000c0000000,0x00000000c46d2048,0x00000000c9400000)
 Metaspace       used 14048K, capacity 14686K, committed 14848K, reserved 1062912K
  class space    used 2068K, capacity 2218K, committed 2304K, reserved 1048576K
}

Deoptimization events (10 events):
Event: 11.628 Thread 0x0000021a4253e800 Uncommon trap: reason=class_check action=maybe_recompile pc=0x0000021a5ce5d3d0 method=scala.collection.immutable.HashMap$HashTrieMap.get0(Ljava/lang/Object;II)Lscala/Option; @ 28
Event: 14.784 Thread 0x0000021a4253e800 Uncommon trap: reason=class_check action=maybe_recompile pc=0x0000021a5ce5d3d0 method=scala.collection.immutable.HashMap$HashTrieMap.get0(Ljava/lang/Object;II)Lscala/Option; @ 28
Event: 19.068 Thread 0x0000021a4253e800 Uncommon trap: reason=class_check action=maybe_recompile pc=0x0000021a5ce5d3d0 method=scala.collection.immutable.HashMap$HashTrieMap.get0(Ljava/lang/Object;II)Lscala/Option; @ 28
Event: 20.748 Thread 0x0000021a4253e800 Uncommon trap: reason=unstable_if action=reinterpret pc=0x0000021a5cdb4b5c method=org.openkoreantext.processor.tokenizer.ParsedChunk.$anonfun$josaMismatched$1(Lscala/collection/Seq;)Z @ 214
Event: 459.846 Thread 0x0000021a5b30b800 Uncommon trap: reason=bimorphic action=maybe_recompile pc=0x0000021a5cb8e110 method=scala.collection.mutable.Builder.sizeHint(Lscala/collection/TraversableLike;)V @ 31
Event: 459.846 Thread 0x0000021a5b30b800 Uncommon trap: reason=bimorphic action=maybe_recompile pc=0x0000021a5cb8e110 method=scala.collection.mutable.Builder.sizeHint(Lscala/collection/TraversableLike;)V @ 31
Event: 459.846 Thread 0x0000021a5b30b800 Uncommon trap: reason=bimorphic action=maybe_recompile pc=0x0000021a5cb8e110 method=scala.collection.mutable.Builder.sizeHint(Lscala/collection/TraversableLike;)V @ 31
Event: 459.846 Thread 0x0000021a5b30b800 Uncommon trap: reason=bimorphic action=maybe_recompile pc=0x0000021a5cb8e110 method=scala.collection.mutable.Builder.sizeHint(Lscala/collection/TraversableLike;)V @ 31
Event: 459.846 Thread 0x0000021a5b30b800 Uncommon trap: reason=class_check action=maybe_recompile pc=0x0000021a5ca0c344 method=scala.collection.mutable.Builder.sizeHint(Lscala/collection/TraversableLike;)V @ 31
Event: 459.846 Thread 0x0000021a5b30b800 Uncommon trap: reason=class_check action=maybe_recompile pc=0x0000021a5ca0c344 method=scala.collection.mutable.Builder.sizeHint(Lscala/collection/TraversableLike;)V @ 31

Classes redefined (0 events):
No events

Internal exceptions (10 events):
Event: 4.265 Thread 0x0000021a4253e800 Exception <a 'java/lang/NoSuchMethodError': java.lang.Object.$anonfun$count$1$adapted(Lscala/Function1;Lscala/runtime/IntRef;Ljava/lang/Object;)Ljava/lang/Object;> (0x00000000eb5d6788) thrown at [C:\jenkins\workspace\8-2-build-windows-amd64-cygwin\jdk8u33
Event: 4.346 Thread 0x0000021a4253e800 Exception <a 'java/lang/NoSuchMethodError': java.lang.Object.$anonfun$sliding$1(Lscala/collection/IterableLike;Lscala/collection/Seq;)Ljava/lang/Object;> (0x00000000eda12f80) thrown at [C:\jenkins\workspace\8-2-build-windows-amd64-cygwin\jdk8u333\2551\hot
Event: 4.350 Thread 0x0000021a4253e800 Exception <a 'java/lang/NoSuchMethodError': java.lang.Object.$anonfun$sum$1(Lscala/math/Numeric;Ljava/lang/Object;Ljava/lang/Object;)Ljava/lang/Object;> (0x00000000eda5b488) thrown at [C:\jenkins\workspace\8-2-build-windows-amd64-cygwin\jdk8u333\2551\hots
Event: 4.356 Thread 0x0000021a4253e800 Exception <a 'java/lang/NoSuchMethodError': java.lang.Object.$anonfun$distinct$1(Lscala/collection/mutable/Builder;Lscala/collection/mutable/HashSet;Ljava/lang/Object;)Ljava/lang/Object;> (0x00000000edaaf278) thrown at [C:\jenkins\workspace\8-2-build-wind
Event: 4.373 Thread 0x0000021a4253e800 Exception <a 'java/lang/NoSuchMethodError': java.lang.Object.$anonfun$releaseVersion$1$adapted(Ljava/lang/String;)Ljava/lang/Object;> (0x00000000edc49b40) thrown at [C:\jenkins\workspace\8-2-build-windows-amd64-cygwin\jdk8u333\2551\hotspot\src\share\vm\in
Event: 4.374 Thread 0x0000021a4253e800 Exception <a 'java/lang/NoSuchMethodError': java.lang.Object.$anonfun$releaseVersion$2(Ljava/lang/String;)Ljava/lang/String;> (0x00000000edc54360) thrown at [C:\jenkins\workspace\8-2-build-windows-amd64-cygwin\jdk8u333\2551\hotspot\src\share\vm\interprete
Event: 4.374 Thread 0x0000021a4253e800 Exception <a 'java/lang/NoSuchMethodError': java.lang.Object.$anonfun$developmentVersion$1$adapted(Ljava/lang/String;)Ljava/lang/Object;> (0x00000000edc584f8) thrown at [C:\jenkins\workspace\8-2-build-windows-amd64-cygwin\jdk8u333\2551\hotspot\src\share\v
Event: 4.374 Thread 0x0000021a4253e800 Exception <a 'java/lang/NoSuchMethodError': java.lang.Object.$anonfun$developmentVersion$2(Lscala/util/PropertiesTrait;Ljava/lang/String;)Lscala/Option;> (0x00000000edc5c2c0) thrown at [C:\jenkins\workspace\8-2-build-windows-amd64-cygwin\jdk8u333\2551\hot
Event: 5.065 Thread 0x0000021a4253e800 Exception <a 'java/lang/NoSuchMethodError': java.lang.Object.$anonfun$filterImpl$1(Lscala/Function1;ZLscala/collection/mutable/Builder;Ljava/lang/Object;)Ljava/lang/Object;> (0x00000000ecbfe728) thrown at [C:\jenkins\workspace\8-2-build-windows-amd64-cygw
Event: 5.931 Thread 0x0000021a4253e800 Exception <a 'java/lang/NoSuchMethodError': java.lang.Object.$anonfun$addString$1(Lscala/collection/mutable/StringBuilder;Ljava/lang/String;Lscala/runtime/BooleanRef;Ljava/lang/Object;)Ljava/lang/Object;> (0x00000000ed05b2e0) thrown at [C:\jenkins\workspa

Events (10 events):
Event: 459.846 Thread 0x0000021a5b30b800 DEOPT UNPACKING pc=0x0000021a5c4758c3 sp=0x000000c9e21dc8e8 mode 2
Event: 472.183 Executing VM operation: ParallelGCSystemGC
Event: 472.250 Executing VM operation: ParallelGCSystemGC done
Event: 864.663 Thread 0x0000021a5b317000 Thread added: 0x0000021a5b317000
Event: 864.686 Executing VM operation: ParallelGCSystemGC
Event: 864.743 Executing VM operation: ParallelGCSystemGC done
Event: 875.589 loading class scala/collection/mutable/FlatHashTable$Contents
Event: 875.589 loading class scala/collection/mutable/FlatHashTable$Contents done
Event: 877.691 Thread 0x0000021a5b317000 DEOPT PACKING pc=0x0000021a5cedfc18 sp=0x000000c9e21dc440
Event: 877.691 Thread 0x0000021a5b317000 DEOPT UNPACKING pc=0x0000021a5c477518 sp=0x000000c9e21dc1e0 mode 0


Dynamic libraries:
0x00007ff7f7300000 - 0x00007ff7f731c000 	C:\Users\82102\anaconda3\envs\tensorflow\python.exe
0x00007ffe00610000 - 0x00007ffe00805000 	C:\Windows\SYSTEM32\ntdll.dll
0x00007ffdff590000 - 0x00007ffdff64d000 	C:\Windows\System32\KERNEL32.DLL
0x00007ffdfe020000 - 0x00007ffdfe2ed000 	C:\Windows\System32\KERNELBASE.dll
0x00007ffdfb1a0000 - 0x00007ffdfb230000 	C:\Windows\SYSTEM32\apphelp.dll
0x00007ffdfdd20000 - 0x00007ffdfde20000 	C:\Windows\System32\ucrtbase.dll
0x00007ffdfb0a0000 - 0x00007ffdfb0b9000 	C:\Users\82102\anaconda3\envs\tensorflow\VCRUNTIME140.dll
0x00007ffd9fe10000 - 0x00007ffda0286000 	C:\Users\82102\anaconda3\envs\tensorflow\python39.dll
0x00007ffdff300000 - 0x00007ffdff36b000 	C:\Windows\System32\WS2_32.dll
0x00007ffdf3550000 - 0x00007ffdf355a000 	C:\Windows\SYSTEM32\VERSION.dll
0x00007ffdff460000 - 0x00007ffdff585000 	C:\Windows\System32\RPCRT4.dll
0x00007ffdff650000 - 0x00007ffdff6ee000 	C:\Windows\System32\msvcrt.dll
0x00007ffdfff80000 - 0x00007ffe0002e000 	C:\Windows\System32\ADVAPI32.dll
0x00007ffe00270000 - 0x00007ffe0030c000 	C:\Windows\System32\sechost.dll
0x00007ffdc6570000 - 0x00007ffdc65a2000 	C:\Windows\SYSTEM32\f_im.dll
0x00007ffe001e0000 - 0x00007ffe001e8000 	C:\Windows\System32\PSAPI.DLL
0x0000000180000000 - 0x0000000180043000 	C:\Program Files\Fasoo DRM\f_nxa.dll
0x0000000061000000 - 0x00000000611cc000 	C:\Program Files\Fasoo DRM\f_sps.dll
0x00007ffe00310000 - 0x00007ffe004b0000 	C:\Windows\System32\USER32.dll
0x00007ffdfe470000 - 0x00007ffdfe492000 	C:\Windows\System32\win32u.dll
0x00007ffdfe6c0000 - 0x00007ffdfe6ea000 	C:\Windows\System32\GDI32.dll
0x00007ffdfe550000 - 0x00007ffdfe65b000 	C:\Windows\System32\gdi32full.dll
0x00007ffdfe340000 - 0x00007ffdfe3dd000 	C:\Windows\System32\msvcp_win.dll
0x00007ffdfef10000 - 0x00007ffdff03a000 	C:\Windows\System32\ole32.dll
0x00007ffdffc20000 - 0x00007ffdfff74000 	C:\Windows\System32\combase.dll
0x00007ffdfee40000 - 0x00007ffdfef0d000 	C:\Windows\System32\OLEAUT32.dll
0x00007ffdff0a0000 - 0x00007ffdff0d0000 	C:\Windows\System32\IMM32.DLL
0x00007ffdf6ba0000 - 0x00007ffdf6ba7000 	C:\Windows\SYSTEM32\msimg32.dll
0x00007ffdcd970000 - 0x00007ffdcda04000 	C:\Windows\SYSTEM32\winspool.drv
0x00007ffdf9650000 - 0x00007ffdf9664000 	C:\Windows\SYSTEM32\wtsapi32.dll
0x00007ffdfe6f0000 - 0x00007ffdfee34000 	C:\Windows\System32\shell32.dll
0x00007ffdff200000 - 0x00007ffdff255000 	C:\Windows\System32\shlwapi.dll
0x00007ffdfca20000 - 0x00007ffdfca53000 	C:\Windows\SYSTEM32\ntmarta.dll
0x00007ffdfd660000 - 0x00007ffdfd678000 	C:\Windows\SYSTEM32\CRYPTSP.dll
0x00007ffdfcd90000 - 0x00007ffdfcdc4000 	C:\Windows\system32\rsaenh.dll
0x00007ffdfdff0000 - 0x00007ffdfe017000 	C:\Windows\System32\bcrypt.dll
0x00007ffdfd680000 - 0x00007ffdfd68c000 	C:\Windows\SYSTEM32\CRYPTBASE.dll
0x00007ffdfe3e0000 - 0x00007ffdfe462000 	C:\Windows\System32\bcryptPrimitives.dll
0x00007ffdf9260000 - 0x00007ffdf926f000 	C:\Users\82102\anaconda3\envs\tensorflow\python3.DLL
0x00007ffdf9240000 - 0x00007ffdf9251000 	C:\Users\82102\anaconda3\envs\tensorflow\DLLs\_hashlib.pyd
0x00007ffd9f330000 - 0x00007ffd9f67c000 	C:\Users\82102\anaconda3\envs\tensorflow\Library\bin\libcrypto-1_1-x64.dll
0x00007ffdf54d0000 - 0x00007ffdf5513000 	C:\Users\82102\anaconda3\envs\tensorflow\DLLs\_decimal.pyd
0x00007ffdf9220000 - 0x00007ffdf9240000 	C:\Users\82102\anaconda3\envs\tensorflow\DLLs\_ctypes.pyd
0x00007ffdf9210000 - 0x00007ffdf921b000 	C:\Users\82102\anaconda3\envs\tensorflow\DLLs\libffi-7.dll
0x00007ffdf7720000 - 0x00007ffdf7736000 	C:\Users\82102\anaconda3\envs\tensorflow\DLLs\_socket.pyd
0x00007ffdfd100000 - 0x00007ffdfd13b000 	C:\Windows\SYSTEM32\IPHLPAPI.DLL
0x00007ffdf91b0000 - 0x00007ffdf91ba000 	C:\Users\82102\anaconda3\envs\tensorflow\DLLs\select.pyd
0x00007ffdf6ec0000 - 0x00007ffdf6edd000 	C:\Users\82102\anaconda3\envs\tensorflow\lib\site-packages\google\protobuf\internal\_api_implementation.cp39-win_amd64.pyd
0x00007ffddf1a0000 - 0x00007ffddf332000 	C:\Users\82102\anaconda3\envs\tensorflow\lib\site-packages\google\protobuf\pyext\_message.cp39-win_amd64.pyd
0x00007ffdf6bc0000 - 0x00007ffdf6bc9000 	C:\Users\82102\anaconda3\envs\tensorflow\DLLs\_queue.pyd
0x00007ffdf6350000 - 0x00007ffdf6367000 	C:\Users\82102\anaconda3\envs\tensorflow\DLLs\_bz2.pyd
0x00007ffdf5af0000 - 0x00007ffdf5b1a000 	C:\Users\82102\anaconda3\envs\tensorflow\DLLs\_lzma.pyd
0x00007ffdf54a0000 - 0x00007ffdf54c7000 	C:\Users\82102\anaconda3\envs\tensorflow\DLLs\_ssl.pyd
0x00007ffdfde90000 - 0x00007ffdfdfe6000 	C:\Windows\System32\CRYPT32.dll
0x00007ffdf53f0000 - 0x00007ffdf549c000 	C:\Users\82102\anaconda3\envs\tensorflow\Library\bin\libssl-1_1-x64.dll
0x00007ffdf5cf0000 - 0x00007ffdf5d02000 	C:\Users\82102\anaconda3\envs\tensorflow\DLLs\_asyncio.pyd
0x00007ffdf6bb0000 - 0x00007ffdf6bbd000 	C:\Users\82102\anaconda3\envs\tensorflow\DLLs\_overlapped.pyd
0x00007ffdfd450000 - 0x00007ffdfd4ba000 	C:\Windows\system32\mswsock.dll
0x00007ffdf68c0000 - 0x00007ffdf68c7000 	C:\Users\82102\anaconda3\envs\tensorflow\lib\site-packages\tornado\speedups.cp39-win_amd64.pyd
0x00007ffda9030000 - 0x00007ffda9144000 	C:\Users\82102\anaconda3\envs\tensorflow\DLLs\unicodedata.pyd
0x00007ffdfd910000 - 0x00007ffdfd922000 	C:\Windows\System32\MSASN1.dll
0x00007ffdf53c0000 - 0x00007ffdf53e2000 	C:\Users\82102\anaconda3\envs\tensorflow\DLLs\_testcapi.pyd
0x0000000066100000 - 0x0000000067fa6000 	C:\Users\82102\anaconda3\envs\tensorflow\lib\site-packages\numpy\.libs\libopenblas.EL2C6PLE4ZYW3ECEVIV3OXXGRN2NRFM2.gfortran-win_amd64.dll
0x00007ffd9f020000 - 0x00007ffd9f327000 	C:\Users\82102\anaconda3\envs\tensorflow\lib\site-packages\numpy\core\_multiarray_umath.cp39-win_amd64.pyd
0x00007ffdf5390000 - 0x00007ffdf53b2000 	C:\Users\82102\anaconda3\envs\tensorflow\lib\site-packages\numpy\core\_multiarray_tests.cp39-win_amd64.pyd
0x00007ffdf5360000 - 0x00007ffdf538e000 	C:\Users\82102\anaconda3\envs\tensorflow\lib\site-packages\numpy\linalg\_umath_linalg.cp39-win_amd64.pyd
0x00007ffdf51c0000 - 0x00007ffdf51e0000 	C:\Users\82102\anaconda3\envs\tensorflow\lib\site-packages\numpy\fft\_pocketfft_internal.cp39-win_amd64.pyd
0x00007ffddc2f0000 - 0x00007ffddc384000 	C:\Users\82102\anaconda3\envs\tensorflow\lib\site-packages\numpy\random\mtrand.cp39-win_amd64.pyd
0x00007ffdf5190000 - 0x00007ffdf51b9000 	C:\Users\82102\anaconda3\envs\tensorflow\lib\site-packages\numpy\random\bit_generator.cp39-win_amd64.pyd
0x00007ffddf160000 - 0x00007ffddf192000 	C:\Users\82102\anaconda3\envs\tensorflow\lib\site-packages\numpy\random\_common.cp39-win_amd64.pyd
0x00007ffddf010000 - 0x00007ffddf052000 	C:\Users\82102\anaconda3\envs\tensorflow\lib\site-packages\numpy\random\_bounded_integers.cp39-win_amd64.pyd
0x00007ffdf5170000 - 0x00007ffdf5188000 	C:\Users\82102\anaconda3\envs\tensorflow\lib\site-packages\numpy\random\_mt19937.cp39-win_amd64.pyd
0x00007ffdf0d30000 - 0x00007ffdf0d47000 	C:\Users\82102\anaconda3\envs\tensorflow\lib\site-packages\numpy\random\_philox.cp39-win_amd64.pyd
0x00007ffdf0c80000 - 0x00007ffdf0c99000 	C:\Users\82102\anaconda3\envs\tensorflow\lib\site-packages\numpy\random\_pcg64.cp39-win_amd64.pyd
0x00007ffddf140000 - 0x00007ffddf152000 	C:\Users\82102\anaconda3\envs\tensorflow\lib\site-packages\numpy\random\_sfc64.cp39-win_amd64.pyd
0x00007ffda9af0000 - 0x00007ffda9b9f000 	C:\Users\82102\anaconda3\envs\tensorflow\lib\site-packages\numpy\random\_generator.cp39-win_amd64.pyd
0x00007ffda84b0000 - 0x00007ffda85b4000 	C:\Users\82102\anaconda3\envs\tensorflow\lib\site-packages\pandas\_libs\interval.cp39-win_amd64.pyd
0x00007ffda67f0000 - 0x00007ffda693b000 	C:\Users\82102\anaconda3\envs\tensorflow\lib\site-packages\pandas\_libs\hashtable.cp39-win_amd64.pyd
0x00007ffdde590000 - 0x00007ffdde5bf000 	C:\Users\82102\anaconda3\envs\tensorflow\lib\site-packages\pandas\_libs\missing.cp39-win_amd64.pyd
0x00007ffddeff0000 - 0x00007ffddf010000 	C:\Users\82102\anaconda3\envs\tensorflow\lib\site-packages\pandas\_libs\tslibs\dtypes.cp39-win_amd64.pyd
0x00007ffddb1c0000 - 0x00007ffddb1fe000 	C:\Users\82102\anaconda3\envs\tensorflow\lib\site-packages\pandas\_libs\tslibs\conversion.cp39-win_amd64.pyd
0x00007ffdf6300000 - 0x00007ffdf630f000 	C:\Users\82102\anaconda3\envs\tensorflow\lib\site-packages\pandas\_libs\tslibs\base.cp39-win_amd64.pyd
0x00007ffdd69c0000 - 0x00007ffdd69f2000 	C:\Users\82102\anaconda3\envs\tensorflow\lib\site-packages\pandas\_libs\tslibs\nattype.cp39-win_amd64.pyd
0x00007ffdf5ae0000 - 0x00007ffdf5aef000 	C:\Users\82102\anaconda3\envs\tensorflow\lib\site-packages\pandas\_libs\tslibs\np_datetime.cp39-win_amd64.pyd
0x00007ffdd0d50000 - 0x00007ffdd0d87000 	C:\Users\82102\anaconda3\envs\tensorflow\lib\site-packages\pandas\_libs\tslibs\timezones.cp39-win_amd64.pyd
0x0000021a376b0000 - 0x0000021a376b3000 	C:\Windows\SYSTEM32\tzres.dll
0x00007ffdd0d10000 - 0x00007ffdd0d4c000 	C:\Users\82102\anaconda3\envs\tensorflow\lib\site-packages\pandas\_libs\tslibs\tzconversion.cp39-win_amd64.pyd
0x00007ffdde020000 - 0x00007ffdde032000 	C:\Users\82102\anaconda3\envs\tensorflow\lib\site-packages\pandas\_libs\tslibs\ccalendar.cp39-win_amd64.pyd
0x00007ffdd0580000 - 0x00007ffdd05d5000 	C:\Users\82102\anaconda3\envs\tensorflow\lib\site-packages\pandas\_libs\tslibs\parsing.cp39-win_amd64.pyd
0x00007ffda8f60000 - 0x00007ffda9028000 	C:\Users\82102\anaconda3\envs\tensorflow\lib\site-packages\pandas\_libs\tslibs\offsets.cp39-win_amd64.pyd
0x00007ffdcfd60000 - 0x00007ffdcfdc2000 	C:\Users\82102\anaconda3\envs\tensorflow\lib\site-packages\pandas\_libs\tslibs\timedeltas.cp39-win_amd64.pyd
0x00007ffdced00000 - 0x00007ffdced42000 	C:\Users\82102\anaconda3\envs\tensorflow\lib\site-packages\pandas\_libs\tslibs\fields.cp39-win_amd64.pyd
0x00007ffdcc9d0000 - 0x00007ffdcca1e000 	C:\Users\82102\anaconda3\envs\tensorflow\lib\site-packages\pandas\_libs\tslibs\strptime.cp39-win_amd64.pyd
0x00007ffdc2780000 - 0x00007ffdc27ec000 	C:\Users\82102\anaconda3\envs\tensorflow\lib\site-packages\pandas\_libs\tslibs\timestamps.cp39-win_amd64.pyd
0x00007ffdddee0000 - 0x00007ffdddef3000 	C:\Users\82102\anaconda3\envs\tensorflow\lib\site-packages\pandas\_libs\properties.cp39-win_amd64.pyd
0x00007ffdca5e0000 - 0x00007ffdca63c000 	C:\Users\82102\anaconda3\envs\tensorflow\lib\site-packages\pandas\_libs\tslibs\period.cp39-win_amd64.pyd
0x00007ffdcaed0000 - 0x00007ffdcaf06000 	C:\Users\82102\anaconda3\envs\tensorflow\lib\site-packages\pandas\_libs\tslibs\vectorized.cp39-win_amd64.pyd
0x00007ffdd7410000 - 0x00007ffdd7422000 	C:\Users\82102\anaconda3\envs\tensorflow\lib\site-packages\pandas\_libs\ops_dispatch.cp39-win_amd64.pyd
0x00007ffd9eed0000 - 0x00007ffd9f01f000 	C:\Users\82102\anaconda3\envs\tensorflow\lib\site-packages\pandas\_libs\algos.cp39-win_amd64.pyd
0x00007ffdba540000 - 0x00007ffdba5c2000 	C:\Users\82102\anaconda3\envs\tensorflow\lib\site-packages\pandas\_libs\lib.cp39-win_amd64.pyd
0x00007ffdd0140000 - 0x00007ffdd0167000 	C:\Users\82102\anaconda3\envs\tensorflow\lib\site-packages\pandas\_libs\tslib.cp39-win_amd64.pyd
0x00007ffdc7b70000 - 0x00007ffdc7b9c000 	C:\Users\82102\anaconda3\envs\tensorflow\lib\site-packages\pandas\_libs\hashing.cp39-win_amd64.pyd
0x00007ffd9ec60000 - 0x00007ffd9eec4000 	C:\Users\82102\anaconda3\envs\tensorflow\lib\site-packages\pyarrow\lib.cp39-win_amd64.pyd
0x00007ffd9cb00000 - 0x00007ffd9e0d9000 	C:\Users\82102\anaconda3\envs\tensorflow\lib\site-packages\pyarrow\arrow.dll
0x00007ffda7d30000 - 0x00007ffda7e30000 	C:\Users\82102\anaconda3\envs\tensorflow\lib\site-packages\pyarrow\arrow_python.dll
0x00007ffda9610000 - 0x00007ffda96ab000 	C:\Users\82102\anaconda3\envs\tensorflow\lib\site-packages\pyarrow\MSVCP140.dll
0x00007ffdf1240000 - 0x00007ffdf134a000 	C:\Windows\SYSTEM32\WINHTTP.dll
0x00007ffdfdc20000 - 0x00007ffdfdc4e000 	C:\Windows\SYSTEM32\USERENV.dll
0x00007ffded680000 - 0x00007ffdedb56000 	C:\Windows\SYSTEM32\WININET.dll
0x00007ffd9c730000 - 0x00007ffd9caf5000 	C:\Users\82102\anaconda3\envs\tensorflow\lib\site-packages\pyarrow\parquet.dll
0x00007ffdba7c0000 - 0x00007ffdba7e5000 	C:\Users\82102\anaconda3\envs\tensorflow\lib\site-packages\pyarrow\_hdfsio.cp39-win_amd64.pyd
0x00007ffdba780000 - 0x00007ffdba7b5000 	C:\Users\82102\anaconda3\envs\tensorflow\lib\site-packages\pandas\_libs\ops.cp39-win_amd64.pyd
0x00007ffdd10b0000 - 0x00007ffdd10c8000 	C:\Users\82102\anaconda3\envs\tensorflow\lib\site-packages\pandas\_libs\arrays.cp39-win_amd64.pyd
0x00007ffdb9c00000 - 0x00007ffdb9c66000 	C:\Users\82102\anaconda3\envs\tensorflow\lib\site-packages\pandas\_libs\index.cp39-win_amd64.pyd
0x00007ffd9c540000 - 0x00007ffd9c72e000 	C:\Users\82102\anaconda3\envs\tensorflow\lib\site-packages\pandas\_libs\join.cp39-win_amd64.pyd
0x00007ffda6720000 - 0x00007ffda67ec000 	C:\Users\82102\anaconda3\envs\tensorflow\lib\site-packages\pandas\_libs\sparse.cp39-win_amd64.pyd
0x00007ffda92d0000 - 0x00007ffda9363000 	C:\Users\82102\anaconda3\envs\tensorflow\lib\site-packages\pyarrow\_compute.cp39-win_amd64.pyd
0x00007ffdf5770000 - 0x00007ffdf577e000 	C:\Users\82102\anaconda3\envs\tensorflow\lib\site-packages\pandas\_libs\reduction.cp39-win_amd64.pyd
0x00007ffdf5550000 - 0x00007ffdf5560000 	C:\Users\82102\anaconda3\envs\tensorflow\lib\site-packages\pandas\_libs\indexing.cp39-win_amd64.pyd
0x00007ffdacc60000 - 0x00007ffdacca9000 	C:\Users\82102\anaconda3\envs\tensorflow\lib\site-packages\pandas\_libs\internals.cp39-win_amd64.pyd
0x00007ffdb9b70000 - 0x00007ffdb9ba2000 	C:\Users\82102\anaconda3\envs\tensorflow\lib\site-packages\pandas\_libs\writers.cp39-win_amd64.pyd
0x00007ffdac490000 - 0x00007ffdac4e5000 	C:\Users\82102\anaconda3\envs\tensorflow\lib\site-packages\pandas\_libs\window\aggregations.cp39-win_amd64.pyd
0x00007ffdf34c0000 - 0x00007ffdf34cc000 	C:\Users\82102\anaconda3\envs\tensorflow\lib\site-packages\pandas\_libs\window\VCRUNTIME140_1.dll
0x00007ffdaa0f0000 - 0x00007ffdaa11a000 	C:\Users\82102\anaconda3\envs\tensorflow\lib\site-packages\pandas\_libs\window\indexers.cp39-win_amd64.pyd
0x00007ffda9ef0000 - 0x00007ffda9f2e000 	C:\Users\82102\anaconda3\envs\tensorflow\lib\site-packages\pandas\_libs\reshape.cp39-win_amd64.pyd
0x00007ffd9eb50000 - 0x00007ffd9ec5c000 	C:\Users\82102\anaconda3\envs\tensorflow\lib\site-packages\pandas\_libs\groupby.cp39-win_amd64.pyd
0x00007ffdd0cf0000 - 0x00007ffdd0d06000 	C:\Users\82102\anaconda3\envs\tensorflow\lib\site-packages\pandas\_libs\testing.cp39-win_amd64.pyd
0x00007ffda8080000 - 0x00007ffda80e6000 	C:\Users\82102\anaconda3\envs\tensorflow\lib\site-packages\pandas\_libs\parsers.cp39-win_amd64.pyd

VM Arguments:
jvm_args: -Dfile.encoding=UTF8 -ea -Xmx1024m 
java_command: <unknown>
java_class_path (initial): C:\Users\82102\anaconda3\envs\tensorflow\Lib\site-packages\konlpy\java;C:\Users\82102\anaconda3\envs\tensorflow\Lib\site-packages\konlpy\java\bin;C:\Users\82102\anaconda3\envs\tensorflow\Lib\site-packages\konlpy\java\aho-corasick.jar;C:\Users\82102\anaconda3\envs\tensorflow\Lib\site-packages\konlpy\java\jhannanum-0.8.4.jar;C:\Users\82102\anaconda3\envs\tensorflow\Lib\site-packages\konlpy\java\kkma-2.0.jar;C:\Users\82102\anaconda3\envs\tensorflow\Lib\site-packages\konlpy\java\komoran-3.0.jar;C:\Users\82102\anaconda3\envs\tensorflow\Lib\site-packages\konlpy\java\open-korean-text-2.1.0.jar;C:\Users\82102\anaconda3\envs\tensorflow\Lib\site-packages\konlpy\java\scala-library-2.12.3.jar;C:\Users\82102\anaconda3\envs\tensorflow\Lib\site-packages\konlpy\java\shineware-common-1.0.jar;C:\Users\82102\anaconda3\envs\tensorflow\Lib\site-packages\konlpy\java\shineware-ds-1.0.jar;C:\Users\82102\anaconda3\envs\tensorflow\Lib\site-packages\konlpy\java\snakeyaml-1.12.jar;C:\Users\82102\anaconda3\envs\tensorflow\Lib\site-packages\konlpy\java\twitter-text-1.14.7.jar;C:\Users\82102\anaconda3\envs\tensorflow\Lib\site-packages\konlpy\java\jhannanum-0.8.4.jar;C:\Users\82102\anaconda3\envs\tensorflow\Lib\site-packages\konlpy\java\kkma-2.0.jar;C:\Users\82102\anaconda3\envs\tensorflow\Lib\site-packages\konlpy\java\aho-corasick.jar;C:\Users\82102\anaconda3\envs\tensorflow\Lib\site-packages\konlpy\java\shineware-common-1.0.jar;C:\Users\82102\anaconda3\envs\tensorflow\Lib\site-packages\konlpy\java\shineware-ds-1.0.jar;C:\Users\82102\anaconda3\envs\tensorflow\Lib\site-packages\konlpy\java\komoran-3.0.jar;C:\Users\82102\anaconda3\envs\tensorflow\Lib\site-packages\konlpy\java\snakeyaml-1.12.jar;C:\Users\82102\anaconda3\envs\tensorflow\Lib\site-packages\konlpy\java\scala-library-2.12.3.jar;C:\Users\82102\anaconda3\envs\tensorflow\Lib\site-packages\konlpy\java\open-korean-text-2.1.0.jar;C:\Users\82102\anaconda3\envs\tensorflow\Lib\site-packages\konlpy\java\twitter-text-1.
Launcher Type: generic

Environment Variables:
JAVA_HOME=C:\Program Files\Java\jdk1.8.0_333\jre\bin\server
PATH=C:\Users\82102\anaconda3\envs\tensorflow;C:\Users\82102\anaconda3\envs\tensorflow\Library\mingw-w64\bin;C:\Users\82102\anaconda3\envs\tensorflow\Library\usr\bin;C:\Users\82102\anaconda3\envs\tensorflow\Library\bin;C:\Users\82102\anaconda3\envs\tensorflow\Scripts;C:\Users\82102\anaconda3\envs\tensorflow\bin;C:\Program Files (x86)\Common Files\Oracle\Java\javapath;C:\Windows\system32;C:\Windows;C:\Windows\System32\Wbem;C:\Windows\System32\WindowsPowerShell\v1.0;C:\Windows\System32\OpenSSH;C:\Program Files\Microsoft SQL Server\Client SDK\ODBC\170\Tools\Binn;C:\Program Files\dotnet;C:\Program Files\Azure Data Studio\bin;C:\Program Files (x86)\Microsoft SQL Server\150\DTS\Binn;C:\Program Files (x86)\Microsoft SQL Server\150\Tools\Binn;C:\Program Files\Microsoft SQL Server\150\Tools\Binn;C:\Program Files\Microsoft SQL Server\150\DTS\Binn;C:\Program Files\Git\cmd;C:\Program Files\nodejs;C:\Users\82102\AppData\Local\Microsoft\WindowsApps;C:\Users\82102\.dotnet\tools;C:\Program Files\Azure Data Studio\bin;C:\Users\82102\AppData\Local\Programs\Microsoft VS Code\bin;C:\Users\82102\AppData\Roaming\npm;C:\Users\82102\anaconda3\condabin;C:\Program Files\JetBrains\PyCharm Community Edition 2022.1.1\bin;.;C:\Users\82102\AppData\Local\Packages\PythonSoftwareFoundation.Python.3.10_qbz5n2kfra8p0\LocalCache\local-packages\Python310\site-packages\cmake\data\bin;C:\Users\82102\AppData\Local\Packages\PythonSoftwareFoundation.Python.3.10_qbz5n2kfra8p0\LocalCache\local-packages\Python310\site-packages\streamlit;.
USERNAME=82102
OS=Windows_NT
PROCESSOR_IDENTIFIER=AMD64 Family 23 Model 104 Stepping 1, AuthenticAMD



---------------  S Y S T E M  ---------------

OS: Windows 10 , 64 bit Build 19041 (10.0.19041.1706)

CPU:total 12 (initial active 12) (12 cores per cpu, 1 threads per core) family 23 model 104 stepping 1, cmov, cx8, fxsr, mmx, sse, sse2, sse3, ssse3, sse4.1, sse4.2, popcnt, avx, avx2, aes, clmul, mmxext, 3dnowpref, lzcnt, sse4a, tsc, tscinvbit, tscinv, bmi1

Memory: 4k page, physical 14538488k(4869168k free), swap 21379940k(2830392k free)

vm_info: Java HotSpot(TM) 64-Bit Server VM (25.333-b02) for windows-amd64 JRE (1.8.0_333-b02), built on Apr 25 2022 22:49:11 by "java_re" with MS VC++ 15.9 (VS2017)

time: Thu Jun 16 15:25:06 2022
timezone: 대한민국 표준시
elapsed time: 879.368752 seconds (0d 0h 14m 39s)

