#
# A fatal error has been detected by the Java Runtime Environment:
#
#  Internal Error (os_windows_x86.cpp:144), pid=18044, tid=0x0000000000003b84
#  guarantee(result == EXCEPTION_CONTINUE_EXECUTION) failed: Unexpected result from topLevelExceptionFilter
#
# JRE version: Java(TM) SE Runtime Environment (8.0_333-b02) (build 1.8.0_333-b02)
# Java VM: Java HotSpot(TM) 64-Bit Server VM (25.333-b02 mixed mode windows-amd64 compressed oops)
# Failed to write core dump. Minidumps are not enabled by default on client versions of Windows
#
# If you would like to submit a bug report, please visit:
#   http://bugreport.java.com/bugreport/crash.jsp
# The crash happened outside the Java Virtual Machine in native code.
# See problematic frame for where to report the bug.
#

---------------  T H R E A D  ---------------

Current thread (0x000002597d772800):  JavaThread "Python Reference Queue" daemon [_thread_in_native, id=15236, stack(0x000000dc4ec80000,0x000000dc4ee70000)]

Stack: [0x000000dc4ec80000,0x000000dc4ee70000]
Native frames: (J=compiled Java code, j=interpreted, Vv=VM code, C=native code)
C  0x000000005edbfc49
C  0x000000005ed061a2
C  0x000000005ed06e4d
C  0x000000005ecfd777
C  0x000000005edbf8cc
C  [ntdll.dll+0xa209f]
C  [ntdll.dll+0x51454]
C  [ntdll.dll+0xa0bce]
C  0x00007ffd5a338bbd
C  0x00007ffd5a338bf2
C  0x00007ffd5a254b44
C  0x00007ffd5a257793
C  0x00007ffdabe648e3
C  [python39.dll+0x95d38]
C  [python39.dll+0x95573]
C  [python39.dll+0x95d38]
C  [python39.dll+0x85464]
C  [python39.dll+0x85536]
C  [python39.dll+0x848aa]
C  [python39.dll+0x84565]
C  [python39.dll+0x15df22]
C  0x00007ffd8f0d8244
C  0x00000259000199ee

Java frames: (J=compiled Java code, j=interpreted, Vv=VM code)
j  org.jpype.ref.JPypeReferenceNative.wake()V+0
j  org.jpype.ref.JPypeReferenceQueue$Worker.run()V+42
j  java.lang.Thread.run()V+11
v  ~StubRoutines::call_stub

---------------  P R O C E S S  ---------------

Java Threads: ( => current thread )
  0x000002597d774800 JavaThread "Thread-2" daemon [_thread_in_native, id=13136, stack(0x000000dc481f0000,0x000000dc483e0000)]
  0x000002597d774000 JavaThread "Thread-1" daemon [_thread_in_native, id=9124, stack(0x000000dc4a4d0000,0x000000dc4a6c0000)]
=>0x000002597d772800 JavaThread "Python Reference Queue" daemon [_thread_in_native, id=15236, stack(0x000000dc4ec80000,0x000000dc4ee70000)]
  0x000002597d771800 JavaThread "Service Thread" daemon [_thread_blocked, id=22256, stack(0x000000dc4e8a0000,0x000000dc4ea90000)]
  0x000002597d76e800 JavaThread "C1 CompilerThread3" daemon [_thread_blocked, id=4164, stack(0x000000dc4e6b0000,0x000000dc4e8a0000)]
  0x000002597d7d4800 JavaThread "C2 CompilerThread2" daemon [_thread_blocked, id=5076, stack(0x000000dc4e4c0000,0x000000dc4e6b0000)]
  0x000002597d7ad800 JavaThread "C2 CompilerThread1" daemon [_thread_blocked, id=5480, stack(0x000000dc4e2d0000,0x000000dc4e4c0000)]
  0x0000025977b02800 JavaThread "C2 CompilerThread0" daemon [_thread_blocked, id=1608, stack(0x000000dc4e0e0000,0x000000dc4e2d0000)]
  0x000002597d773000 JavaThread "Attach Listener" daemon [_thread_blocked, id=16180, stack(0x000000dc4def0000,0x000000dc4e0e0000)]
  0x000002597d76e000 JavaThread "Signal Dispatcher" daemon [_thread_blocked, id=1752, stack(0x000000dc4dd00000,0x000000dc4def0000)]
  0x000002597d771000 JavaThread "Finalizer" daemon [_thread_blocked, id=16352, stack(0x000000dc4db10000,0x000000dc4dd00000)]
  0x000002595f1c3000 JavaThread "Reference Handler" daemon [_thread_blocked, id=19752, stack(0x000000dc4d920000,0x000000dc4db10000)]
  0x000002595f1c1800 JavaThread "main" [_thread_in_native, id=3516, stack(0x000000dc4a4d0000,0x000000dc4a6c0000)]

Other Threads:
  0x0000025978115000 VMThread [stack: 0x000000dc4d730000,0x000000dc4d920000] [id=18576]
  0x0000025978113800 WatcherThread [stack: 0x000000dc4ea90000,0x000000dc4ec80000] [id=19144]

VM state:not at safepoint (normal execution)

VM Mutex/Monitor currently owned by a thread: None

heap address: 0x00000000c0000000, size: 1024 MB, Compressed Oops mode: 32-bit
Narrow klass base: 0x0000000000000000, Narrow klass shift: 3
Compressed class space size: 1073741824 Address: 0x0000000100000000

Heap:
 PSYoungGen      total 328704K, used 53026K [0x00000000eab00000, 0x0000000100000000, 0x0000000100000000)
  eden space 319488K, 16% used [0x00000000eab00000,0x00000000ede70b30,0x00000000fe300000)
  from space 9216K, 3% used [0x00000000ff700000,0x00000000ff758000,0x0000000100000000)
  to   space 14848K, 0% used [0x00000000fe300000,0x00000000fe300000,0x00000000ff180000)
 ParOldGen       total 151552K, used 72501K [0x00000000c0000000, 0x00000000c9400000, 0x00000000eab00000)
  object space 151552K, 47% used [0x00000000c0000000,0x00000000c46cd7c0,0x00000000c9400000)
 Metaspace       used 14046K, capacity 14686K, committed 14848K, reserved 1062912K
  class space    used 2068K, capacity 2218K, committed 2304K, reserved 1048576K

Card table byte_map: [0x0000025979410000,0x0000025979620000] byte_map_base: 0x0000025978e10000

Marking Bits: (ParMarkBitMap*) 0x000000005f279030
 Begin Bits: [0x0000025979780000, 0x000002597a780000)
 End Bits:   [0x000002597a780000, 0x000002597b780000)

Polling page: 0x0000025979020000

CodeCache: size=245760Kb used=8839Kb max_used=8861Kb free=236920Kb
 bounds [0x0000025900000000, 0x00000259008c0000, 0x000002590f000000]
 total_blobs=3253 nmethods=2883 adapters=282
 compilation: enabled

Compilation events (10 events):
Event: 754.218 Thread 0x000002597d7ad800 3437       4       java.util.HashMap::entrySet (27 bytes)
Event: 754.218 Thread 0x0000025977b02800 3438       4       java.util.HashMap$EntrySet::iterator (12 bytes)
Event: 754.218 Thread 0x000002597d7ad800 nmethod 3437 0x000002590089c590 code [0x000002590089c6c0, 0x000002590089c738]
Event: 754.219 Thread 0x0000025977b02800 nmethod 3438 0x00000259008a4f10 code [0x00000259008a5060, 0x00000259008a5218]
Event: 754.925 Thread 0x000002597d76e800 3439       3       scala.collection.immutable.Vector::cleanRightEdge (449 bytes)
Event: 754.926 Thread 0x000002597d76e800 nmethod 3439 0x00000259008aae10 code [0x00000259008ab260, 0x00000259008aec60]
Event: 755.115 Thread 0x000002597d7d4800 3440       4       scala.collection.convert.Wrappers$JMapWrapper::<init> (29 bytes)
Event: 755.115 Thread 0x0000025977b02800 3441       4       scala.collection.mutable.HashSet$::empty (5 bytes)
Event: 755.115 Thread 0x0000025977b02800 nmethod 3441 0x00000259008a9550 code [0x00000259008a96a0, 0x00000259008a9788]
Event: 755.115 Thread 0x000002597d7d4800 nmethod 3440 0x00000259008a7d90 code [0x00000259008a7ec0, 0x00000259008a7f58]

GC Heap History (10 events):
Event: 41.344 GC heap before
{Heap before GC invocations=67 (full 31):
 PSYoungGen      total 339968K, used 22178K [0x00000000eab00000, 0x0000000100000000, 0x0000000100000000)
  eden space 330752K, 6% used [0x00000000eab00000,0x00000000ec0a8820,0x00000000fee00000)
  from space 9216K, 0% used [0x00000000fee00000,0x00000000fee00000,0x00000000ff700000)
  to   space 9216K, 0% used [0x00000000ff700000,0x00000000ff700000,0x0000000100000000)
 ParOldGen       total 151552K, used 72475K [0x00000000c0000000, 0x00000000c9400000, 0x00000000eab00000)
  object space 151552K, 47% used [0x00000000c0000000,0x00000000c46c6c28,0x00000000c9400000)
 Metaspace       used 14031K, capacity 14622K, committed 14848K, reserved 1062912K
  class space    used 2068K, capacity 2218K, committed 2304K, reserved 1048576K
Event: 41.345 GC heap after
Heap after GC invocations=67 (full 31):
 PSYoungGen      total 339968K, used 64K [0x00000000eab00000, 0x0000000100000000, 0x0000000100000000)
  eden space 330752K, 0% used [0x00000000eab00000,0x00000000eab00000,0x00000000fee00000)
  from space 9216K, 0% used [0x00000000ff700000,0x00000000ff710000,0x0000000100000000)
  to   space 9216K, 0% used [0x00000000fee00000,0x00000000fee00000,0x00000000ff700000)
 ParOldGen       total 151552K, used 72475K [0x00000000c0000000, 0x00000000c9400000, 0x00000000eab00000)
  object space 151552K, 47% used [0x00000000c0000000,0x00000000c46c6c28,0x00000000c9400000)
 Metaspace       used 14031K, capacity 14622K, committed 14848K, reserved 1062912K
  class space    used 2068K, capacity 2218K, committed 2304K, reserved 1048576K
}
Event: 41.345 GC heap before
{Heap before GC invocations=68 (full 32):
 PSYoungGen      total 339968K, used 64K [0x00000000eab00000, 0x0000000100000000, 0x0000000100000000)
  eden space 330752K, 0% used [0x00000000eab00000,0x00000000eab00000,0x00000000fee00000)
  from space 9216K, 0% used [0x00000000ff700000,0x00000000ff710000,0x0000000100000000)
  to   space 9216K, 0% used [0x00000000fee00000,0x00000000fee00000,0x00000000ff700000)
 ParOldGen       total 151552K, used 72475K [0x00000000c0000000, 0x00000000c9400000, 0x00000000eab00000)
  object space 151552K, 47% used [0x00000000c0000000,0x00000000c46c6c28,0x00000000c9400000)
 Metaspace       used 14031K, capacity 14622K, committed 14848K, reserved 1062912K
  class space    used 2068K, capacity 2218K, committed 2304K, reserved 1048576K
Event: 41.424 GC heap after
Heap after GC invocations=68 (full 32):
 PSYoungGen      total 339968K, used 0K [0x00000000eab00000, 0x0000000100000000, 0x0000000100000000)
  eden space 330752K, 0% used [0x00000000eab00000,0x00000000eab00000,0x00000000fee00000)
  from space 9216K, 0% used [0x00000000ff700000,0x00000000ff700000,0x0000000100000000)
  to   space 9216K, 0% used [0x00000000fee00000,0x00000000fee00000,0x00000000ff700000)
 ParOldGen       total 151552K, used 72474K [0x00000000c0000000, 0x00000000c9400000, 0x00000000eab00000)
  object space 151552K, 47% used [0x00000000c0000000,0x00000000c46c6be0,0x00000000c9400000)
 Metaspace       used 14031K, capacity 14622K, committed 14848K, reserved 1062912K
  class space    used 2068K, capacity 2218K, committed 2304K, reserved 1048576K
}
Event: 741.501 GC heap before
{Heap before GC invocations=69 (full 32):
 PSYoungGen      total 339968K, used 82150K [0x00000000eab00000, 0x0000000100000000, 0x0000000100000000)
  eden space 330752K, 24% used [0x00000000eab00000,0x00000000efb39ac8,0x00000000fee00000)
  from space 9216K, 0% used [0x00000000ff700000,0x00000000ff700000,0x0000000100000000)
  to   space 9216K, 0% used [0x00000000fee00000,0x00000000fee00000,0x00000000ff700000)
 ParOldGen       total 151552K, used 72474K [0x00000000c0000000, 0x00000000c9400000, 0x00000000eab00000)
  object space 151552K, 47% used [0x00000000c0000000,0x00000000c46c6be0,0x00000000c9400000)
 Metaspace       used 14037K, capacity 14622K, committed 14848K, reserved 1062912K
  class space    used 2068K, capacity 2218K, committed 2304K, reserved 1048576K
Event: 741.502 GC heap after
Heap after GC invocations=69 (full 32):
 PSYoungGen      total 339968K, used 256K [0x00000000eab00000, 0x0000000100000000, 0x0000000100000000)
  eden space 330752K, 0% used [0x00000000eab00000,0x00000000eab00000,0x00000000fee00000)
  from space 9216K, 2% used [0x00000000fee00000,0x00000000fee40000,0x00000000ff700000)
  to   space 9216K, 0% used [0x00000000ff700000,0x00000000ff700000,0x0000000100000000)
 ParOldGen       total 151552K, used 72474K [0x00000000c0000000, 0x00000000c9400000, 0x00000000eab00000)
  object space 151552K, 47% used [0x00000000c0000000,0x00000000c46c6be0,0x00000000c9400000)
 Metaspace       used 14037K, capacity 14622K, committed 14848K, reserved 1062912K
  class space    used 2068K, capacity 2218K, committed 2304K, reserved 1048576K
}
Event: 741.502 GC heap before
{Heap before GC invocations=70 (full 33):
 PSYoungGen      total 339968K, used 256K [0x00000000eab00000, 0x0000000100000000, 0x0000000100000000)
  eden space 330752K, 0% used [0x00000000eab00000,0x00000000eab00000,0x00000000fee00000)
  from space 9216K, 2% used [0x00000000fee00000,0x00000000fee40000,0x00000000ff700000)
  to   space 9216K, 0% used [0x00000000ff700000,0x00000000ff700000,0x0000000100000000)
 ParOldGen       total 151552K, used 72474K [0x00000000c0000000, 0x00000000c9400000, 0x00000000eab00000)
  object space 151552K, 47% used [0x00000000c0000000,0x00000000c46c6be0,0x00000000c9400000)
 Metaspace       used 14037K, capacity 14622K, committed 14848K, reserved 1062912K
  class space    used 2068K, capacity 2218K, committed 2304K, reserved 1048576K
Event: 741.553 GC heap after
Heap after GC invocations=70 (full 33):
 PSYoungGen      total 339968K, used 0K [0x00000000eab00000, 0x0000000100000000, 0x0000000100000000)
  eden space 330752K, 0% used [0x00000000eab00000,0x00000000eab00000,0x00000000fee00000)
  from space 9216K, 0% used [0x00000000fee00000,0x00000000fee00000,0x00000000ff700000)
  to   space 9216K, 0% used [0x00000000ff700000,0x00000000ff700000,0x0000000100000000)
 ParOldGen       total 151552K, used 72501K [0x00000000c0000000, 0x00000000c9400000, 0x00000000eab00000)
  object space 151552K, 47% used [0x00000000c0000000,0x00000000c46cd7c0,0x00000000c9400000)
 Metaspace       used 14037K, capacity 14622K, committed 14848K, reserved 1062912K
  class space    used 2068K, capacity 2218K, committed 2304K, reserved 1048576K
}
Event: 753.673 GC heap before
{Heap before GC invocations=71 (full 33):
 PSYoungGen      total 339968K, used 330752K [0x00000000eab00000, 0x0000000100000000, 0x0000000100000000)
  eden space 330752K, 100% used [0x00000000eab00000,0x00000000fee00000,0x00000000fee00000)
  from space 9216K, 0% used [0x00000000fee00000,0x00000000fee00000,0x00000000ff700000)
  to   space 9216K, 0% used [0x00000000ff700000,0x00000000ff700000,0x0000000100000000)
 ParOldGen       total 151552K, used 72501K [0x00000000c0000000, 0x00000000c9400000, 0x00000000eab00000)
  object space 151552K, 47% used [0x00000000c0000000,0x00000000c46cd7c0,0x00000000c9400000)
 Metaspace       used 14046K, capacity 14686K, committed 14848K, reserved 1062912K
  class space    used 2068K, capacity 2218K, committed 2304K, reserved 1048576K
Event: 753.674 GC heap after
Heap after GC invocations=71 (full 33):
 PSYoungGen      total 328704K, used 352K [0x00000000eab00000, 0x0000000100000000, 0x0000000100000000)
  eden space 319488K, 0% used [0x00000000eab00000,0x00000000eab00000,0x00000000fe300000)
  from space 9216K, 3% used [0x00000000ff700000,0x00000000ff758000,0x0000000100000000)
  to   space 14848K, 0% used [0x00000000fe300000,0x00000000fe300000,0x00000000ff180000)
 ParOldGen       total 151552K, used 72501K [0x00000000c0000000, 0x00000000c9400000, 0x00000000eab00000)
  object space 151552K, 47% used [0x00000000c0000000,0x00000000c46cd7c0,0x00000000c9400000)
 Metaspace       used 14046K, capacity 14686K, committed 14848K, reserved 1062912K
  class space    used 2068K, capacity 2218K, committed 2304K, reserved 1048576K
}

Deoptimization events (10 events):
Event: 28.081 Thread 0x000002597d774000 Uncommon trap: reason=speculate_class_check action=maybe_recompile pc=0x00000259005d4e4c method=scala.Array$.copy(Ljava/lang/Object;ILjava/lang/Object;II)V @ 33
Event: 28.093 Thread 0x000002597d774000 Uncommon trap: reason=class_check action=maybe_recompile pc=0x0000025900615ee8 method=scala.collection.TraversableLike.builder$1(Lscala/collection/generic/CanBuildFrom;)Lscala/collection/mutable/Builder; @ 7
Event: 28.146 Thread 0x000002597d774000 Uncommon trap: reason=class_check action=maybe_recompile pc=0x0000025900615ee8 method=scala.collection.TraversableLike.builder$1(Lscala/collection/generic/CanBuildFrom;)Lscala/collection/mutable/Builder; @ 7
Event: 28.146 Thread 0x000002597d774000 Uncommon trap: reason=class_check action=maybe_recompile pc=0x0000025900615ee8 method=scala.collection.TraversableLike.builder$1(Lscala/collection/generic/CanBuildFrom;)Lscala/collection/mutable/Builder; @ 7
Event: 28.390 Thread 0x000002597d774000 Uncommon trap: reason=unstable_if action=reinterpret pc=0x0000025900487488 method=org.openkoreantext.processor.util.KoreanSubstantive$.$anonfun$isKoreanNumber$1(Lorg/openkoreantext/processor/util/KoreanSubstantive$;Ljava/lang/CharSequence;ZI)Z @ 131
Event: 29.260 Thread 0x000002597d774000 Uncommon trap: reason=unstable_if action=reinterpret pc=0x000002590069be84 method=org.openkoreantext.processor.util.KoreanSubstantive$.isName(Ljava/lang/CharSequence;)Z @ 155
Event: 30.635 Thread 0x000002597d774000 Uncommon trap: reason=unstable_if action=reinterpret pc=0x0000025900389ecc method=java.util.regex.Pattern$BmpCharProperty.match(Ljava/util/regex/Matcher;ILjava/lang/CharSequence;)Z @ 5
Event: 44.012 Thread 0x000002597d774000 Uncommon trap: reason=unstable_if action=reinterpret pc=0x0000025900817a1c method=org.openkoreantext.processor.tokenizer.ParsedChunk.$anonfun$josaMismatched$1(Lscala/collection/Seq;)Z @ 214
Event: 44.911 Thread 0x000002597d774000 Uncommon trap: reason=class_check action=maybe_recompile pc=0x00000259005e4404 method=scala.collection.mutable.Builder.sizeHint(Lscala/collection/TraversableLike;)V @ 31
Event: 44.911 Thread 0x000002597d774000 Uncommon trap: reason=class_check action=maybe_recompile pc=0x00000259005e4404 method=scala.collection.mutable.Builder.sizeHint(Lscala/collection/TraversableLike;)V @ 31

Classes redefined (0 events):
No events

Internal exceptions (10 events):
Event: 4.915 Thread 0x000002595f1c1800 Exception <a 'java/lang/NoSuchMethodError': java.lang.Object.$anonfun$count$1$adapted(Lscala/Function1;Lscala/runtime/IntRef;Ljava/lang/Object;)Ljava/lang/Object;> (0x00000000eb5f6af8) thrown at [C:\jenkins\workspace\8-2-build-windows-amd64-cygwin\jdk8u33
Event: 4.933 Thread 0x000002595f1c1800 Exception <a 'java/lang/NoSuchMethodError': java.lang.Object.$anonfun$sliding$1(Lscala/collection/IterableLike;Lscala/collection/Seq;)Ljava/lang/Object;> (0x00000000eb659ce0) thrown at [C:\jenkins\workspace\8-2-build-windows-amd64-cygwin\jdk8u333\2551\hot
Event: 4.938 Thread 0x000002595f1c1800 Exception <a 'java/lang/NoSuchMethodError': java.lang.Object.$anonfun$sum$1(Lscala/math/Numeric;Ljava/lang/Object;Ljava/lang/Object;)Ljava/lang/Object;> (0x00000000eb6a21e8) thrown at [C:\jenkins\workspace\8-2-build-windows-amd64-cygwin\jdk8u333\2551\hots
Event: 5.013 Thread 0x000002595f1c1800 Exception <a 'java/lang/NoSuchMethodError': java.lang.Object.$anonfun$distinct$1(Lscala/collection/mutable/Builder;Lscala/collection/mutable/HashSet;Ljava/lang/Object;)Ljava/lang/Object;> (0x00000000edc9a4f8) thrown at [C:\jenkins\workspace\8-2-build-wind
Event: 5.021 Thread 0x000002595f1c1800 Exception <a 'java/lang/NoSuchMethodError': java.lang.Object.$anonfun$releaseVersion$1$adapted(Ljava/lang/String;)Ljava/lang/Object;> (0x00000000edd2b478) thrown at [C:\jenkins\workspace\8-2-build-windows-amd64-cygwin\jdk8u333\2551\hotspot\src\share\vm\in
Event: 5.023 Thread 0x000002595f1c1800 Exception <a 'java/lang/NoSuchMethodError': java.lang.Object.$anonfun$releaseVersion$2(Ljava/lang/String;)Ljava/lang/String;> (0x00000000edd35c98) thrown at [C:\jenkins\workspace\8-2-build-windows-amd64-cygwin\jdk8u333\2551\hotspot\src\share\vm\interprete
Event: 5.023 Thread 0x000002595f1c1800 Exception <a 'java/lang/NoSuchMethodError': java.lang.Object.$anonfun$developmentVersion$1$adapted(Ljava/lang/String;)Ljava/lang/Object;> (0x00000000edd39e30) thrown at [C:\jenkins\workspace\8-2-build-windows-amd64-cygwin\jdk8u333\2551\hotspot\src\share\v
Event: 5.024 Thread 0x000002595f1c1800 Exception <a 'java/lang/NoSuchMethodError': java.lang.Object.$anonfun$developmentVersion$2(Lscala/util/PropertiesTrait;Ljava/lang/String;)Lscala/Option;> (0x00000000edd3dbf8) thrown at [C:\jenkins\workspace\8-2-build-windows-amd64-cygwin\jdk8u333\2551\hot
Event: 5.762 Thread 0x000002595f1c1800 Exception <a 'java/lang/NoSuchMethodError': java.lang.Object.$anonfun$filterImpl$1(Lscala/Function1;ZLscala/collection/mutable/Builder;Ljava/lang/Object;)Ljava/lang/Object;> (0x00000000ecbd5688) thrown at [C:\jenkins\workspace\8-2-build-windows-amd64-cygw
Event: 6.830 Thread 0x000002595f1c1800 Exception <a 'java/lang/NoSuchMethodError': java.lang.Object.$anonfun$addString$1(Lscala/collection/mutable/StringBuilder;Ljava/lang/String;Lscala/runtime/BooleanRef;Ljava/lang/Object;)Ljava/lang/Object;> (0x00000000eaf11d20) thrown at [C:\jenkins\workspa

Events (10 events):
Event: 44.911 Thread 0x000002597d774000 Uncommon trap: trap_request=0xffffffde fr.pc=0x00000259005e4404
Event: 44.911 Thread 0x000002597d774000 DEOPT PACKING pc=0x00000259005e4404 sp=0x000000dc4a6bc8d0
Event: 44.911 Thread 0x000002597d774000 DEOPT UNPACKING pc=0x00000259000458c3 sp=0x000000dc4a6bc858 mode 2
Event: 741.464 Thread 0x000002597d774800 Thread added: 0x000002597d774800
Event: 741.501 Executing VM operation: ParallelGCSystemGC
Event: 741.553 Executing VM operation: ParallelGCSystemGC done
Event: 753.673 Executing VM operation: ParallelGCFailedAllocation
Event: 753.674 Executing VM operation: ParallelGCFailedAllocation done
Event: 754.925 Thread 0x000002597d774800 DEOPT PACKING pc=0x0000025900574858 sp=0x000000dc483dc380
Event: 754.925 Thread 0x000002597d774800 DEOPT UNPACKING pc=0x0000025900047518 sp=0x000000dc483dc120 mode 0


Dynamic libraries:
0x00007ff73b8d0000 - 0x00007ff73b8ec000 	C:\Users\82102\anaconda3\envs\tensorflow\python.exe
0x00007ffe00610000 - 0x00007ffe00805000 	C:\Windows\SYSTEM32\ntdll.dll
0x00007ffdff590000 - 0x00007ffdff64d000 	C:\Windows\System32\KERNEL32.DLL
0x00007ffdfe020000 - 0x00007ffdfe2ed000 	C:\Windows\System32\KERNELBASE.dll
0x00007ffdfdd20000 - 0x00007ffdfde20000 	C:\Windows\System32\ucrtbase.dll
0x00007ffd99960000 - 0x00007ffd99dd6000 	C:\Users\82102\anaconda3\envs\tensorflow\python39.dll
0x00007ffdde8a0000 - 0x00007ffdde8b9000 	C:\Users\82102\anaconda3\envs\tensorflow\VCRUNTIME140.dll
0x00007ffdff300000 - 0x00007ffdff36b000 	C:\Windows\System32\WS2_32.dll
0x00007ffdff460000 - 0x00007ffdff585000 	C:\Windows\System32\RPCRT4.dll
0x00007ffdf3550000 - 0x00007ffdf355a000 	C:\Windows\SYSTEM32\VERSION.dll
0x00007ffdfff80000 - 0x00007ffe0002e000 	C:\Windows\System32\ADVAPI32.dll
0x00007ffdff650000 - 0x00007ffdff6ee000 	C:\Windows\System32\msvcrt.dll
0x00007ffe00270000 - 0x00007ffe0030c000 	C:\Windows\System32\sechost.dll
0x00007ffdc6570000 - 0x00007ffdc65a2000 	C:\Windows\SYSTEM32\f_im.dll
0x00007ffe001e0000 - 0x00007ffe001e8000 	C:\Windows\System32\PSAPI.DLL
0x0000000180000000 - 0x0000000180043000 	C:\Program Files\Fasoo DRM\f_nxa.dll
0x0000000061000000 - 0x00000000611cc000 	C:\Program Files\Fasoo DRM\f_sps.dll
0x00007ffe00310000 - 0x00007ffe004b0000 	C:\Windows\System32\USER32.dll
0x00007ffdfe470000 - 0x00007ffdfe492000 	C:\Windows\System32\win32u.dll
0x00007ffdfe6c0000 - 0x00007ffdfe6ea000 	C:\Windows\System32\GDI32.dll
0x00007ffdfe550000 - 0x00007ffdfe65b000 	C:\Windows\System32\gdi32full.dll
0x00007ffdfe340000 - 0x00007ffdfe3dd000 	C:\Windows\System32\msvcp_win.dll
0x00007ffdfef10000 - 0x00007ffdff03a000 	C:\Windows\System32\ole32.dll
0x00007ffdffc20000 - 0x00007ffdfff74000 	C:\Windows\System32\combase.dll
0x00007ffdfee40000 - 0x00007ffdfef0d000 	C:\Windows\System32\OLEAUT32.dll
0x00007ffdff0a0000 - 0x00007ffdff0d0000 	C:\Windows\System32\IMM32.DLL
0x00007ffdf6ba0000 - 0x00007ffdf6ba7000 	C:\Windows\SYSTEM32\msimg32.dll
0x00007ffdcd970000 - 0x00007ffdcda04000 	C:\Windows\SYSTEM32\winspool.drv
0x00007ffdf9650000 - 0x00007ffdf9664000 	C:\Windows\SYSTEM32\wtsapi32.dll
0x00007ffdfe6f0000 - 0x00007ffdfee34000 	C:\Windows\System32\shell32.dll
0x00007ffdff200000 - 0x00007ffdff255000 	C:\Windows\System32\shlwapi.dll
0x00007ffdfca20000 - 0x00007ffdfca53000 	C:\Windows\SYSTEM32\ntmarta.dll
0x00007ffdfd660000 - 0x00007ffdfd678000 	C:\Windows\SYSTEM32\CRYPTSP.dll
0x00007ffdfcd90000 - 0x00007ffdfcdc4000 	C:\Windows\system32\rsaenh.dll
0x00007ffdfdff0000 - 0x00007ffdfe017000 	C:\Windows\System32\bcrypt.dll
0x00007ffdfd680000 - 0x00007ffdfd68c000 	C:\Windows\SYSTEM32\CRYPTBASE.dll
0x00007ffdfe3e0000 - 0x00007ffdfe462000 	C:\Windows\System32\bcryptPrimitives.dll
0x00007ffdf3790000 - 0x00007ffdf379f000 	C:\Users\82102\anaconda3\envs\tensorflow\python3.DLL
0x00007ffdde880000 - 0x00007ffdde891000 	C:\Users\82102\anaconda3\envs\tensorflow\DLLs\_hashlib.pyd
0x00007ffd97380000 - 0x00007ffd976cc000 	C:\Users\82102\anaconda3\envs\tensorflow\Library\bin\libcrypto-1_1-x64.dll
0x00007ffdde830000 - 0x00007ffdde873000 	C:\Users\82102\anaconda3\envs\tensorflow\DLLs\_decimal.pyd
0x00007ffdde810000 - 0x00007ffdde830000 	C:\Users\82102\anaconda3\envs\tensorflow\DLLs\_ctypes.pyd
0x00007ffdf0c70000 - 0x00007ffdf0c7b000 	C:\Users\82102\anaconda3\envs\tensorflow\DLLs\libffi-7.dll
0x00007ffdddf30000 - 0x00007ffdddf46000 	C:\Users\82102\anaconda3\envs\tensorflow\DLLs\_socket.pyd
0x00007ffdfd100000 - 0x00007ffdfd13b000 	C:\Windows\SYSTEM32\IPHLPAPI.DLL
0x00007ffdf09f0000 - 0x00007ffdf09fa000 	C:\Users\82102\anaconda3\envs\tensorflow\DLLs\select.pyd
0x00007ffdddf10000 - 0x00007ffdddf2d000 	C:\Users\82102\anaconda3\envs\tensorflow\lib\site-packages\google\protobuf\internal\_api_implementation.cp39-win_amd64.pyd
0x00007ffd96040000 - 0x00007ffd961d2000 	C:\Users\82102\anaconda3\envs\tensorflow\lib\site-packages\google\protobuf\pyext\_message.cp39-win_amd64.pyd
0x00007ffdde8d0000 - 0x00007ffdde8d9000 	C:\Users\82102\anaconda3\envs\tensorflow\DLLs\_queue.pyd
0x00007ffddded0000 - 0x00007ffdddee7000 	C:\Users\82102\anaconda3\envs\tensorflow\DLLs\_bz2.pyd
0x00007ffdd5ca0000 - 0x00007ffdd5cca000 	C:\Users\82102\anaconda3\envs\tensorflow\DLLs\_lzma.pyd
0x00007ffdd2ec0000 - 0x00007ffdd2ee7000 	C:\Users\82102\anaconda3\envs\tensorflow\DLLs\_ssl.pyd
0x00007ffdfde90000 - 0x00007ffdfdfe6000 	C:\Windows\System32\CRYPT32.dll
0x00007ffdd2c70000 - 0x00007ffdd2d1c000 	C:\Users\82102\anaconda3\envs\tensorflow\Library\bin\libssl-1_1-x64.dll
0x00007ffdd5db0000 - 0x00007ffdd5dc2000 	C:\Users\82102\anaconda3\envs\tensorflow\DLLs\_asyncio.pyd
0x00007ffdddec0000 - 0x00007ffdddecd000 	C:\Users\82102\anaconda3\envs\tensorflow\DLLs\_overlapped.pyd
0x00007ffdfd450000 - 0x00007ffdfd4ba000 	C:\Windows\system32\mswsock.dll
0x00007ffdda060000 - 0x00007ffdda067000 	C:\Users\82102\anaconda3\envs\tensorflow\lib\site-packages\tornado\speedups.cp39-win_amd64.pyd
0x00007ffdcade0000 - 0x00007ffdcaef4000 	C:\Users\82102\anaconda3\envs\tensorflow\DLLs\unicodedata.pyd
0x00007ffdfd910000 - 0x00007ffdfd922000 	C:\Windows\System32\MSASN1.dll
0x00007ffdd2e90000 - 0x00007ffdd2eb2000 	C:\Users\82102\anaconda3\envs\tensorflow\DLLs\_testcapi.pyd
0x0000000066100000 - 0x0000000067fa6000 	C:\Users\82102\anaconda3\envs\tensorflow\lib\site-packages\numpy\.libs\libopenblas.EL2C6PLE4ZYW3ECEVIV3OXXGRN2NRFM2.gfortran-win_amd64.dll
0x00007ffd946c0000 - 0x00007ffd949c7000 	C:\Users\82102\anaconda3\envs\tensorflow\lib\site-packages\numpy\core\_multiarray_umath.cp39-win_amd64.pyd
0x00007ffdd2c40000 - 0x00007ffdd2c62000 	C:\Users\82102\anaconda3\envs\tensorflow\lib\site-packages\numpy\core\_multiarray_tests.cp39-win_amd64.pyd
0x00007ffdcf360000 - 0x00007ffdcf38e000 	C:\Users\82102\anaconda3\envs\tensorflow\lib\site-packages\numpy\linalg\_umath_linalg.cp39-win_amd64.pyd
0x00007ffdd2c20000 - 0x00007ffdd2c40000 	C:\Users\82102\anaconda3\envs\tensorflow\lib\site-packages\numpy\fft\_pocketfft_internal.cp39-win_amd64.pyd
0x00007ffdcaf60000 - 0x00007ffdcaff4000 	C:\Users\82102\anaconda3\envs\tensorflow\lib\site-packages\numpy\random\mtrand.cp39-win_amd64.pyd
0x00007ffdcc6c0000 - 0x00007ffdcc6e9000 	C:\Users\82102\anaconda3\envs\tensorflow\lib\site-packages\numpy\random\bit_generator.cp39-win_amd64.pyd
0x00007ffdc80b0000 - 0x00007ffdc80e2000 	C:\Users\82102\anaconda3\envs\tensorflow\lib\site-packages\numpy\random\_common.cp39-win_amd64.pyd
0x00007ffdc8060000 - 0x00007ffdc80a2000 	C:\Users\82102\anaconda3\envs\tensorflow\lib\site-packages\numpy\random\_bounded_integers.cp39-win_amd64.pyd
0x00007ffdd1c40000 - 0x00007ffdd1c58000 	C:\Users\82102\anaconda3\envs\tensorflow\lib\site-packages\numpy\random\_mt19937.cp39-win_amd64.pyd
0x00007ffdcf340000 - 0x00007ffdcf357000 	C:\Users\82102\anaconda3\envs\tensorflow\lib\site-packages\numpy\random\_philox.cp39-win_amd64.pyd
0x00007ffdcf100000 - 0x00007ffdcf119000 	C:\Users\82102\anaconda3\envs\tensorflow\lib\site-packages\numpy\random\_pcg64.cp39-win_amd64.pyd
0x00007ffdcef70000 - 0x00007ffdcef82000 	C:\Users\82102\anaconda3\envs\tensorflow\lib\site-packages\numpy\random\_sfc64.cp39-win_amd64.pyd
0x00007ffd9acf0000 - 0x00007ffd9ad9f000 	C:\Users\82102\anaconda3\envs\tensorflow\lib\site-packages\numpy\random\_generator.cp39-win_amd64.pyd
0x00007ffd95f30000 - 0x00007ffd96034000 	C:\Users\82102\anaconda3\envs\tensorflow\lib\site-packages\pandas\_libs\interval.cp39-win_amd64.pyd
0x00007ffd953e0000 - 0x00007ffd9552b000 	C:\Users\82102\anaconda3\envs\tensorflow\lib\site-packages\pandas\_libs\hashtable.cp39-win_amd64.pyd
0x00007ffdc8030000 - 0x00007ffdc805f000 	C:\Users\82102\anaconda3\envs\tensorflow\lib\site-packages\pandas\_libs\missing.cp39-win_amd64.pyd
0x00007ffdcaf40000 - 0x00007ffdcaf60000 	C:\Users\82102\anaconda3\envs\tensorflow\lib\site-packages\pandas\_libs\tslibs\dtypes.cp39-win_amd64.pyd
0x00007ffdc7ff0000 - 0x00007ffdc802e000 	C:\Users\82102\anaconda3\envs\tensorflow\lib\site-packages\pandas\_libs\tslibs\conversion.cp39-win_amd64.pyd
0x00007ffdd9660000 - 0x00007ffdd966f000 	C:\Users\82102\anaconda3\envs\tensorflow\lib\site-packages\pandas\_libs\tslibs\base.cp39-win_amd64.pyd
0x00007ffdc6cb0000 - 0x00007ffdc6ce2000 	C:\Users\82102\anaconda3\envs\tensorflow\lib\site-packages\pandas\_libs\tslibs\nattype.cp39-win_amd64.pyd
0x00007ffdd7090000 - 0x00007ffdd709f000 	C:\Users\82102\anaconda3\envs\tensorflow\lib\site-packages\pandas\_libs\tslibs\np_datetime.cp39-win_amd64.pyd
0x00007ffdba3d0000 - 0x00007ffdba407000 	C:\Users\82102\anaconda3\envs\tensorflow\lib\site-packages\pandas\_libs\tslibs\timezones.cp39-win_amd64.pyd
0x00000259542c0000 - 0x00000259542c3000 	C:\Windows\SYSTEM32\tzres.dll
0x00007ffdba390000 - 0x00007ffdba3cc000 	C:\Users\82102\anaconda3\envs\tensorflow\lib\site-packages\pandas\_libs\tslibs\tzconversion.cp39-win_amd64.pyd
0x00007ffdcadc0000 - 0x00007ffdcadd2000 	C:\Users\82102\anaconda3\envs\tensorflow\lib\site-packages\pandas\_libs\tslibs\ccalendar.cp39-win_amd64.pyd
0x00007ffdabc00000 - 0x00007ffdabc55000 	C:\Users\82102\anaconda3\envs\tensorflow\lib\site-packages\pandas\_libs\tslibs\parsing.cp39-win_amd64.pyd
0x00007ffd970a0000 - 0x00007ffd97168000 	C:\Users\82102\anaconda3\envs\tensorflow\lib\site-packages\pandas\_libs\tslibs\offsets.cp39-win_amd64.pyd
0x00007ffdaac50000 - 0x00007ffdaacb2000 	C:\Users\82102\anaconda3\envs\tensorflow\lib\site-packages\pandas\_libs\tslibs\timedeltas.cp39-win_amd64.pyd
0x00007ffdabda0000 - 0x00007ffdabde2000 	C:\Users\82102\anaconda3\envs\tensorflow\lib\site-packages\pandas\_libs\tslibs\fields.cp39-win_amd64.pyd
0x00007ffda9a90000 - 0x00007ffda9ade000 	C:\Users\82102\anaconda3\envs\tensorflow\lib\site-packages\pandas\_libs\tslibs\strptime.cp39-win_amd64.pyd
0x00007ffda79d0000 - 0x00007ffda7a3c000 	C:\Users\82102\anaconda3\envs\tensorflow\lib\site-packages\pandas\_libs\tslibs\timestamps.cp39-win_amd64.pyd
0x00007ffdc7fd0000 - 0x00007ffdc7fe3000 	C:\Users\82102\anaconda3\envs\tensorflow\lib\site-packages\pandas\_libs\properties.cp39-win_amd64.pyd
0x00007ffda9210000 - 0x00007ffda926c000 	C:\Users\82102\anaconda3\envs\tensorflow\lib\site-packages\pandas\_libs\tslibs\period.cp39-win_amd64.pyd
0x00007ffdba2e0000 - 0x00007ffdba316000 	C:\Users\82102\anaconda3\envs\tensorflow\lib\site-packages\pandas\_libs\tslibs\vectorized.cp39-win_amd64.pyd
0x00007ffdc6c90000 - 0x00007ffdc6ca2000 	C:\Users\82102\anaconda3\envs\tensorflow\lib\site-packages\pandas\_libs\ops_dispatch.cp39-win_amd64.pyd
0x00007ffd951a0000 - 0x00007ffd952ef000 	C:\Users\82102\anaconda3\envs\tensorflow\lib\site-packages\pandas\_libs\algos.cp39-win_amd64.pyd
0x00007ffda0140000 - 0x00007ffda01c2000 	C:\Users\82102\anaconda3\envs\tensorflow\lib\site-packages\pandas\_libs\lib.cp39-win_amd64.pyd
0x00007ffdaf8e0000 - 0x00007ffdaf907000 	C:\Users\82102\anaconda3\envs\tensorflow\lib\site-packages\pandas\_libs\tslib.cp39-win_amd64.pyd
0x00007ffdac470000 - 0x00007ffdac49c000 	C:\Users\82102\anaconda3\envs\tensorflow\lib\site-packages\pandas\_libs\hashing.cp39-win_amd64.pyd
0x00007ffd93d00000 - 0x00007ffd93f64000 	C:\Users\82102\anaconda3\envs\tensorflow\lib\site-packages\pyarrow\lib.cp39-win_amd64.pyd
0x00007ffd8c5b0000 - 0x00007ffd8db89000 	C:\Users\82102\anaconda3\envs\tensorflow\lib\site-packages\pyarrow\arrow.dll
0x00007ffd93730000 - 0x00007ffd93830000 	C:\Users\82102\anaconda3\envs\tensorflow\lib\site-packages\pyarrow\arrow_python.dll
0x00007ffd9ac50000 - 0x00007ffd9aceb000 	C:\Users\82102\anaconda3\envs\tensorflow\lib\site-packages\pyarrow\MSVCP140.dll
0x00007ffdf1240000 - 0x00007ffdf134a000 	C:\Windows\SYSTEM32\WINHTTP.dll
0x00007ffded680000 - 0x00007ffdedb56000 	C:\Windows\SYSTEM32\WININET.dll
0x00007ffdfdc20000 - 0x00007ffdfdc4e000 	C:\Windows\SYSTEM32\USERENV.dll
0x00007ffd90470000 - 0x00007ffd90835000 	C:\Users\82102\anaconda3\envs\tensorflow\lib\site-packages\pyarrow\parquet.dll
0x00007ffdabe80000 - 0x00007ffdabea5000 	C:\Users\82102\anaconda3\envs\tensorflow\lib\site-packages\pyarrow\_hdfsio.cp39-win_amd64.pyd
0x00007ffdab040000 - 0x00007ffdab075000 	C:\Users\82102\anaconda3\envs\tensorflow\lib\site-packages\pandas\_libs\ops.cp39-win_amd64.pyd
0x00007ffdc1da0000 - 0x00007ffdc1db8000 	C:\Users\82102\anaconda3\envs\tensorflow\lib\site-packages\pandas\_libs\arrays.cp39-win_amd64.pyd
0x00007ffd97310000 - 0x00007ffd97376000 	C:\Users\82102\anaconda3\envs\tensorflow\lib\site-packages\pandas\_libs\index.cp39-win_amd64.pyd
0x00007ffd93540000 - 0x00007ffd9372e000 	C:\Users\82102\anaconda3\envs\tensorflow\lib\site-packages\pandas\_libs\join.cp39-win_amd64.pyd
0x00007ffd93c30000 - 0x00007ffd93cfc000 	C:\Users\82102\anaconda3\envs\tensorflow\lib\site-packages\pandas\_libs\sparse.cp39-win_amd64.pyd
0x00007ffd94fa0000 - 0x00007ffd95033000 	C:\Users\82102\anaconda3\envs\tensorflow\lib\site-packages\pyarrow\_compute.cp39-win_amd64.pyd
0x00007ffdd6a20000 - 0x00007ffdd6a2e000 	C:\Users\82102\anaconda3\envs\tensorflow\lib\site-packages\pandas\_libs\reduction.cp39-win_amd64.pyd
0x00007ffdd69b0000 - 0x00007ffdd69c0000 	C:\Users\82102\anaconda3\envs\tensorflow\lib\site-packages\pandas\_libs\indexing.cp39-win_amd64.pyd
0x00007ffd96c10000 - 0x00007ffd96c59000 	C:\Users\82102\anaconda3\envs\tensorflow\lib\site-packages\pandas\_libs\internals.cp39-win_amd64.pyd
0x00007ffdaa8a0000 - 0x00007ffdaa8d2000 	C:\Users\82102\anaconda3\envs\tensorflow\lib\site-packages\pandas\_libs\writers.cp39-win_amd64.pyd
0x00007ffd964c0000 - 0x00007ffd96515000 	C:\Users\82102\anaconda3\envs\tensorflow\lib\site-packages\pandas\_libs\window\aggregations.cp39-win_amd64.pyd
0x00007ffdd6620000 - 0x00007ffdd662c000 	C:\Users\82102\anaconda3\envs\tensorflow\lib\site-packages\pandas\_libs\window\VCRUNTIME140_1.dll
0x00007ffdabbd0000 - 0x00007ffdabbfa000 	C:\Users\82102\anaconda3\envs\tensorflow\lib\site-packages\pandas\_libs\window\indexers.cp39-win_amd64.pyd
0x00007ffd9b610000 - 0x00007ffd9b64e000 	C:\Users\82102\anaconda3\envs\tensorflow\lib\site-packages\pandas\_libs\reshape.cp39-win_amd64.pyd
0x00007ffd93430000 - 0x00007ffd9353c000 	C:\Users\82102\anaconda3\envs\tensorflow\lib\site-packages\pandas\_libs\groupby.cp39-win_amd64.pyd
0x00007ffdba200000 - 0x00007ffdba216000 	C:\Users\82102\anaconda3\envs\tensorflow\lib\site-packages\pandas\_libs\testing.cp39-win_amd64.pyd
0x00007ffd95ec0000 - 0x00007ffd95f26000 	C:\Users\82102\anaconda3\envs\tensorflow\lib\site-packages\pandas\_libs\parsers.cp39-win_amd64.pyd
0x00007ffdac930000 - 0x00007ffdac945000 	C:\Users\82102\anaconda3\envs\tensorflow\lib\site-packages\pandas\_libs\json.cp39-win_amd64.pyd

VM Arguments:
jvm_args: -Dfile.encoding=UTF8 -ea -Xmx1024m 
java_command: <unknown>
java_class_path (initial): C:\Users\82102\anaconda3\envs\tensorflow\Lib\site-packages\konlpy\java;C:\Users\82102\anaconda3\envs\tensorflow\Lib\site-packages\konlpy\java\bin;C:\Users\82102\anaconda3\envs\tensorflow\Lib\site-packages\konlpy\java\aho-corasick.jar;C:\Users\82102\anaconda3\envs\tensorflow\Lib\site-packages\konlpy\java\jhannanum-0.8.4.jar;C:\Users\82102\anaconda3\envs\tensorflow\Lib\site-packages\konlpy\java\kkma-2.0.jar;C:\Users\82102\anaconda3\envs\tensorflow\Lib\site-packages\konlpy\java\komoran-3.0.jar;C:\Users\82102\anaconda3\envs\tensorflow\Lib\site-packages\konlpy\java\open-korean-text-2.1.0.jar;C:\Users\82102\anaconda3\envs\tensorflow\Lib\site-packages\konlpy\java\scala-library-2.12.3.jar;C:\Users\82102\anaconda3\envs\tensorflow\Lib\site-packages\konlpy\java\shineware-common-1.0.jar;C:\Users\82102\anaconda3\envs\tensorflow\Lib\site-packages\konlpy\java\shineware-ds-1.0.jar;C:\Users\82102\anaconda3\envs\tensorflow\Lib\site-packages\konlpy\java\snakeyaml-1.12.jar;C:\Users\82102\anaconda3\envs\tensorflow\Lib\site-packages\konlpy\java\twitter-text-1.14.7.jar;C:\Users\82102\anaconda3\envs\tensorflow\Lib\site-packages\konlpy\java\jhannanum-0.8.4.jar;C:\Users\82102\anaconda3\envs\tensorflow\Lib\site-packages\konlpy\java\kkma-2.0.jar;C:\Users\82102\anaconda3\envs\tensorflow\Lib\site-packages\konlpy\java\aho-corasick.jar;C:\Users\82102\anaconda3\envs\tensorflow\Lib\site-packages\konlpy\java\shineware-common-1.0.jar;C:\Users\82102\anaconda3\envs\tensorflow\Lib\site-packages\konlpy\java\shineware-ds-1.0.jar;C:\Users\82102\anaconda3\envs\tensorflow\Lib\site-packages\konlpy\java\komoran-3.0.jar;C:\Users\82102\anaconda3\envs\tensorflow\Lib\site-packages\konlpy\java\snakeyaml-1.12.jar;C:\Users\82102\anaconda3\envs\tensorflow\Lib\site-packages\konlpy\java\scala-library-2.12.3.jar;C:\Users\82102\anaconda3\envs\tensorflow\Lib\site-packages\konlpy\java\open-korean-text-2.1.0.jar;C:\Users\82102\anaconda3\envs\tensorflow\Lib\site-packages\konlpy\java\twitter-text-1.
Launcher Type: generic

Environment Variables:
JAVA_HOME=C:\Program Files\Java\jdk1.8.0_333\jre\bin\server
PATH=C:\Users\82102\anaconda3\envs\tensorflow;C:\Users\82102\anaconda3\envs\tensorflow\Library\mingw-w64\bin;C:\Users\82102\anaconda3\envs\tensorflow\Library\usr\bin;C:\Users\82102\anaconda3\envs\tensorflow\Library\bin;C:\Users\82102\anaconda3\envs\tensorflow\Scripts;C:\Users\82102\anaconda3\envs\tensorflow\bin;C:\Program Files (x86)\Common Files\Oracle\Java\javapath;C:\Windows\system32;C:\Windows;C:\Windows\System32\Wbem;C:\Windows\System32\WindowsPowerShell\v1.0;C:\Windows\System32\OpenSSH;C:\Program Files\Microsoft SQL Server\Client SDK\ODBC\170\Tools\Binn;C:\Program Files\dotnet;C:\Program Files\Azure Data Studio\bin;C:\Program Files (x86)\Microsoft SQL Server\150\DTS\Binn;C:\Program Files (x86)\Microsoft SQL Server\150\Tools\Binn;C:\Program Files\Microsoft SQL Server\150\Tools\Binn;C:\Program Files\Microsoft SQL Server\150\DTS\Binn;C:\Program Files\Git\cmd;C:\Program Files\nodejs;C:\Users\82102\AppData\Local\Microsoft\WindowsApps;C:\Users\82102\.dotnet\tools;C:\Program Files\Azure Data Studio\bin;C:\Users\82102\AppData\Local\Programs\Microsoft VS Code\bin;C:\Users\82102\AppData\Roaming\npm;C:\Users\82102\anaconda3\condabin;C:\Program Files\JetBrains\PyCharm Community Edition 2022.1.1\bin;.;C:\Users\82102\AppData\Local\Packages\PythonSoftwareFoundation.Python.3.10_qbz5n2kfra8p0\LocalCache\local-packages\Python310\site-packages\cmake\data\bin;C:\Users\82102\AppData\Local\Packages\PythonSoftwareFoundation.Python.3.10_qbz5n2kfra8p0\LocalCache\local-packages\Python310\site-packages\streamlit;.;C:\Program Files (x86)\ESTsoft\ALSee\x64
USERNAME=82102
OS=Windows_NT
PROCESSOR_IDENTIFIER=AMD64 Family 23 Model 104 Stepping 1, AuthenticAMD



---------------  S Y S T E M  ---------------

OS: Windows 10 , 64 bit Build 19041 (10.0.19041.1706)

CPU:total 12 (initial active 12) (12 cores per cpu, 1 threads per core) family 23 model 104 stepping 1, cmov, cx8, fxsr, mmx, sse, sse2, sse3, ssse3, sse4.1, sse4.2, popcnt, avx, avx2, aes, clmul, mmxext, 3dnowpref, lzcnt, sse4a, tsc, tscinvbit, tscinv, bmi1

Memory: 4k page, physical 14538488k(2156540k free), swap 25299028k(3035772k free)

vm_info: Java HotSpot(TM) 64-Bit Server VM (25.333-b02) for windows-amd64 JRE (1.8.0_333-b02), built on Apr 25 2022 22:49:11 by "java_re" with MS VC++ 15.9 (VS2017)

time: Tue Jun 21 19:20:07 2022
timezone: 대한민국 표준시
elapsed time: 756.105436 seconds (0d 0h 12m 36s)

